#
# A fatal error has been detected by the Java Runtime Environment:
#
#  EXCEPTION_ACCESS_VIOLATION (0xc0000005) at pc=0x00007ffc9fa7365d, pid=19040, tid=16800
#
# JRE version: OpenJDK Runtime Environment Temurin-23.0.1+11 (23.0.1+11) (build 23.0.1+11)
# Java VM: OpenJDK 64-Bit Server VM Temurin-23.0.1+11 (23.0.1+11, mixed mode, sharing, tiered, compressed oops, compressed class ptrs, g1 gc, windows-amd64)
# Problematic frame:
# V  [jvm.dll+0x37365d]
#
# No core dump will be written. Minidumps are not enabled by default on client versions of Windows
#
# If you would like to submit a bug report, please visit:
#   https://github.com/adoptium/adoptium-support/issues
#

---------------  S U M M A R Y ------------

Command Line: -XX:+ShowCodeDetailsInExceptionMessages -agentlib:jdwp=transport=dt_socket,suspend=y,address=localhost:65527 -javaagent:C:\Users\shrey\eclipse\java-2024-12\eclipse\configuration\org.eclipse.osgi\252\0\.cp\lib\javaagent-shaded.jar -Dfile.encoding=UTF-8 -Dstdout.encoding=UTF-8 -Dstderr.encoding=UTF-8 com.efive.formMaster.FormMasterApplication

Host: AMD Ryzen 7 5700U with Radeon Graphics         , 16 cores, 15G,  Windows 11 , 64 bit Build 22621 (10.0.22621.4830)
Time: Fri Feb 21 16:56:08 2025 India Standard Time elapsed time: 19869.420508 seconds (0d 5h 31m 9s)

---------------  T H R E A D  ---------------

Current thread (0x000002259b64f320):  WorkerThread "GC Thread#5"    [id=16800, stack(0x000000b47f900000,0x000000b47fa00000) (1024K)]

Stack: [0x000000b47f900000,0x000000b47fa00000],  sp=0x000000b47f9fe220,  free space=1016k
Native frames: (J=compiled Java code, j=interpreted, Vv=VM code, C=native code)
V  [jvm.dll+0x37365d]  (no source info available)
V  [jvm.dll+0x31af80]  (no source info available)
V  [jvm.dll+0x31b582]  (no source info available)
V  [jvm.dll+0x31b095]  (no source info available)
V  [jvm.dll+0x3f3181]  (no source info available)
V  [jvm.dll+0x8805f6]  (no source info available)
V  [jvm.dll+0x889f01]  (no source info available)
V  [jvm.dll+0x373eea]  (no source info available)
V  [jvm.dll+0x373d7a]  (no source info available)
V  [jvm.dll+0x37b724]  (no source info available)
V  [jvm.dll+0x37ba3b]  (no source info available)
V  [jvm.dll+0x9093b7]  (no source info available)
V  [jvm.dll+0x8802ab]  (no source info available)
V  [jvm.dll+0x6e7485]  (no source info available)
C  [ucrtbase.dll+0x29333]  (no source info available)
C  [KERNEL32.DLL+0x1259d]  (no source info available)
C  [ntdll.dll+0x5af38]  (no source info available)

JavaThread 0x00000225a178a600 (nid = 19380) was being processed
Java frames: (J=compiled Java code, j=interpreted, Vv=VM code)
j  java.lang.invoke.DirectMethodHandle$Holder.newInvokeSpecial(Ljava/lang/Object;Ljava/lang/Object;Ljava/lang/Object;Ljava/lang/Object;)Ljava/lang/Object;+22 java.base@23.0.1
j  java.lang.invoke.LambdaForm$MH+0x0000022557aca000.invoke(Ljava/lang/Object;Ljava/lang/Object;Ljava/lang/Object;Ljava/lang/Object;)Ljava/lang/Object;+73 java.base@23.0.1
J 63939 c2 java.lang.reflect.Constructor.newInstanceWithCaller([Ljava/lang/Object;ZLjava/lang/Class;)Ljava/lang/Object; java.base@23.0.1 (51 bytes) @ 0x0000022545d4c2d4 [0x0000022545d4be20+0x00000000000004b4]
J 66750 c2 org.springframework.beans.BeanUtils.instantiateClass(Ljava/lang/reflect/Constructor;[Ljava/lang/Object;)Ljava/lang/Object; (208 bytes) @ 0x00000225462453d0 [0x0000022546244fc0+0x0000000000000410]
J 70919 c1 org.springframework.beans.factory.support.SimpleInstantiationStrategy.instantiate(Lorg/springframework/beans/factory/support/RootBeanDefinition;Ljava/lang/String;Lorg/springframework/beans/factory/BeanFactory;Ljava/lang/reflect/Constructor;[Ljava/lang/Object;)Ljava/lang/Object; (27 bytes) @ 0x000002253ea1c374 [0x000002253ea1c080+0x00000000000002f4]
J 70922 c1 org.springframework.beans.factory.support.ConstructorResolver.instantiate(Ljava/lang/String;Lorg/springframework/beans/factory/support/RootBeanDefinition;Ljava/lang/reflect/Constructor;[Ljava/lang/Object;)Ljava/lang/Object; (48 bytes) @ 0x000002253f15199c [0x000002253f151780+0x000000000000021c]
j  org.springframework.beans.factory.support.ConstructorResolver.autowireConstructor(Ljava/lang/String;Lorg/springframework/beans/factory/support/RootBeanDefinition;[Ljava/lang/reflect/Constructor;[Ljava/lang/Object;)Lorg/springframework/beans/BeanWrapper;+900
J 70400 c1 org.springframework.beans.factory.support.AbstractAutowireCapableBeanFactory.autowireConstructor(Ljava/lang/String;Lorg/springframework/beans/factory/support/RootBeanDefinition;[Ljava/lang/reflect/Constructor;[Ljava/lang/Object;)Lorg/springframework/beans/BeanWrapper; (17 bytes) @ 0x000002253eac2c34 [0x000002253eac29c0+0x0000000000000274]
J 66163 c1 org.springframework.beans.factory.support.AbstractAutowireCapableBeanFactory.createBeanInstance(Ljava/lang/String;Lorg/springframework/beans/factory/support/RootBeanDefinition;[Ljava/lang/Object;)Lorg/springframework/beans/BeanWrapper; (245 bytes) @ 0x000002253ec7204c [0x000002253ec71a00+0x000000000000064c]
J 66183 c1 org.springframework.beans.factory.support.AbstractAutowireCapableBeanFactory.doCreateBean(Ljava/lang/String;Lorg/springframework/beans/factory/support/RootBeanDefinition;[Ljava/lang/Object;)Ljava/lang/Object; (465 bytes) @ 0x000002253ec66c94 [0x000002253ec66ac0+0x00000000000001d4]
J 66161 c1 org.springframework.beans.factory.support.AbstractAutowireCapableBeanFactory.createBean(Ljava/lang/String;Lorg/springframework/beans/factory/support/RootBeanDefinition;[Ljava/lang/Object;)Ljava/lang/Object; (214 bytes) @ 0x000002253ec72f44 [0x000002253ec72a40+0x0000000000000504]
J 66189 c1 org.springframework.beans.factory.support.AbstractBeanFactory.lambda$doGetBean$0(Ljava/lang/String;Lorg/springframework/beans/factory/support/RootBeanDefinition;[Ljava/lang/Object;)Ljava/lang/Object; (18 bytes) @ 0x000002253ec697c4 [0x000002253ec69720+0x00000000000000a4]
J 66188 c1 org.springframework.beans.factory.support.AbstractBeanFactory$$Lambda+0x000002255723e670.getObject()Ljava/lang/Object; (20 bytes) @ 0x000002253ec6bcb4 [0x000002253ec6bc20+0x0000000000000094]
J 66182 c1 org.springframework.beans.factory.support.DefaultSingletonBeanRegistry.getSingleton(Ljava/lang/String;Lorg/springframework/beans/factory/ObjectFactory;)Ljava/lang/Object; (529 bytes) @ 0x000002253ec6a664 [0x000002253ec69fc0+0x00000000000006a4]
J 66022 c2 org.springframework.beans.factory.support.AbstractBeanFactory.doGetBean(Ljava/lang/String;Ljava/lang/Class;[Ljava/lang/Object;Z)Ljava/lang/Object; (787 bytes) @ 0x0000022545d75bc0 [0x0000022545d74680+0x0000000000001540]
J 66084 c1 org.springframework.beans.factory.support.AbstractBeanFactory.getBean(Ljava/lang/String;)Ljava/lang/Object; (9 bytes) @ 0x000002253eca8cb4 [0x000002253eca8c20+0x0000000000000094]
J 67241 c1 org.springframework.beans.factory.support.DefaultListableBeanFactory.doResolveDependency(Lorg/springframework/beans/factory/config/DependencyDescriptor;Ljava/lang/String;Ljava/util/Set;Lorg/springframework/beans/TypeConverter;)Ljava/lang/Object; (679 bytes) @ 0x000002253edc3ae4 [0x000002253edc2380+0x0000000000001764]
J 67227 c1 org.springframework.beans.factory.support.DefaultListableBeanFactory.resolveDependency(Lorg/springframework/beans/factory/config/DependencyDescriptor;Ljava/lang/String;Ljava/util/Set;Lorg/springframework/beans/TypeConverter;)Ljava/lang/Object; (121 bytes) @ 0x000002253de6d55c [0x000002253de6d360+0x00000000000001fc]
J 67266 c1 org.springframework.beans.factory.support.ConstructorResolver.resolveAutowiredArgument(Lorg/springframework/beans/factory/config/DependencyDescriptor;Ljava/lang/Class;Ljava/lang/String;Ljava/util/Set;Lorg/springframework/beans/TypeConverter;Z)Ljava/lang/Object; (114 bytes) @ 0x000002253e01894c [0x000002253e0187e0+0x000000000000016c]
J 67224 c1 org.springframework.beans.factory.support.ConstructorResolver.createArgumentArray(Ljava/lang/String;Lorg/springframework/beans/factory/support/RootBeanDefinition;Lorg/springframework/beans/factory/config/ConstructorArgumentValues;Lorg/springframework/beans/BeanWrapper;[Ljava/lang/Class;[Ljava/lang/String;Ljava/lang/reflect/Executable;ZZ)Lorg/springframework/beans/factory/support/ConstructorResolver$ArgumentsHolder; (533 bytes) @ 0x000002253e0adda4 [0x000002253e0ac1a0+0x0000000000001c04]
j  org.springframework.beans.factory.support.ConstructorResolver.autowireConstructor(Ljava/lang/String;Lorg/springframework/beans/factory/support/RootBeanDefinition;[Ljava/lang/reflect/Constructor;[Ljava/lang/Object;)Lorg/springframework/beans/BeanWrapper;+530
J 70400 c1 org.springframework.beans.factory.support.AbstractAutowireCapableBeanFactory.autowireConstructor(Ljava/lang/String;Lorg/springframework/beans/factory/support/RootBeanDefinition;[Ljava/lang/reflect/Constructor;[Ljava/lang/Object;)Lorg/springframework/beans/BeanWrapper; (17 bytes) @ 0x000002253eac2c34 [0x000002253eac29c0+0x0000000000000274]
J 66163 c1 org.springframework.beans.factory.support.AbstractAutowireCapableBeanFactory.createBeanInstance(Ljava/lang/String;Lorg/springframework/beans/factory/support/RootBeanDefinition;[Ljava/lang/Object;)Lorg/springframework/beans/BeanWrapper; (245 bytes) @ 0x000002253ec7204c [0x000002253ec71a00+0x000000000000064c]
J 66183 c1 org.springframework.beans.factory.support.AbstractAutowireCapableBeanFactory.doCreateBean(Ljava/lang/String;Lorg/springframework/beans/factory/support/RootBeanDefinition;[Ljava/lang/Object;)Ljava/lang/Object; (465 bytes) @ 0x000002253ec66c94 [0x000002253ec66ac0+0x00000000000001d4]
J 66161 c1 org.springframework.beans.factory.support.AbstractAutowireCapableBeanFactory.createBean(Ljava/lang/String;Lorg/springframework/beans/factory/support/RootBeanDefinition;[Ljava/lang/Object;)Ljava/lang/Object; (214 bytes) @ 0x000002253ec72f44 [0x000002253ec72a40+0x0000000000000504]
J 66189 c1 org.springframework.beans.factory.support.AbstractBeanFactory.lambda$doGetBean$0(Ljava/lang/String;Lorg/springframework/beans/factory/support/RootBeanDefinition;[Ljava/lang/Object;)Ljava/lang/Object; (18 bytes) @ 0x000002253ec697c4 [0x000002253ec69720+0x00000000000000a4]
J 66188 c1 org.springframework.beans.factory.support.AbstractBeanFactory$$Lambda+0x000002255723e670.getObject()Ljava/lang/Object; (20 bytes) @ 0x000002253ec6bcb4 [0x000002253ec6bc20+0x0000000000000094]
J 66182 c1 org.springframework.beans.factory.support.DefaultSingletonBeanRegistry.getSingleton(Ljava/lang/String;Lorg/springframework/beans/factory/ObjectFactory;)Ljava/lang/Object; (529 bytes) @ 0x000002253ec6a664 [0x000002253ec69fc0+0x00000000000006a4]
J 66022 c2 org.springframework.beans.factory.support.AbstractBeanFactory.doGetBean(Ljava/lang/String;Ljava/lang/Class;[Ljava/lang/Object;Z)Ljava/lang/Object; (787 bytes) @ 0x0000022545d75bc0 [0x0000022545d74680+0x0000000000001540]
J 66084 c1 org.springframework.beans.factory.support.AbstractBeanFactory.getBean(Ljava/lang/String;)Ljava/lang/Object; (9 bytes) @ 0x000002253eca8cb4 [0x000002253eca8c20+0x0000000000000094]
j  org.springframework.beans.factory.support.DefaultListableBeanFactory.instantiateSingleton(Ljava/lang/String;)V+51
j  org.springframework.beans.factory.support.DefaultListableBeanFactory.preInstantiateSingleton(Ljava/lang/String;Lorg/springframework/beans/factory/support/RootBeanDefinition;)Ljava/util/concurrent/CompletableFuture;+141
j  org.springframework.beans.factory.support.DefaultListableBeanFactory.preInstantiateSingletons()V+118
j  org.springframework.context.support.AbstractApplicationContext.finishBeanFactoryInitialization(Lorg/springframework/beans/factory/config/ConfigurableListableBeanFactory;)V+284
j  org.springframework.context.support.AbstractApplicationContext.refresh()V+94
j  org.springframework.boot.web.servlet.context.ServletWebServerApplicationContext.refresh()V+1
j  org.springframework.boot.SpringApplication.refresh(Lorg/springframework/context/ConfigurableApplicationContext;)V+1
j  org.springframework.boot.SpringApplication.refreshContext(Lorg/springframework/context/ConfigurableApplicationContext;)V+19
j  org.springframework.boot.SpringApplication.run([Ljava/lang/String;)Lorg/springframework/context/ConfigurableApplicationContext;+113
j  org.springframework.boot.SpringApplication.run([Ljava/lang/Class;[Ljava/lang/String;)Lorg/springframework/context/ConfigurableApplicationContext;+9
j  org.springframework.boot.SpringApplication.run(Ljava/lang/Class;[Ljava/lang/String;)Lorg/springframework/context/ConfigurableApplicationContext;+9
j  com.efive.formMaster.FormMasterApplication.main([Ljava/lang/String;)V+3
j  java.lang.invoke.LambdaForm$DMH+0x00000225570b9000.invokeStatic(Ljava/lang/Object;Ljava/lang/Object;)V+10 java.base@23.0.1
j  java.lang.invoke.LambdaForm$MH+0x0000022557b88000.invoke(Ljava/lang/Object;Ljava/lang/Object;Ljava/lang/Object;)Ljava/lang/Object;+33 java.base@23.0.1
J 59239 c2 java.lang.reflect.Method.invoke(Ljava/lang/Object;[Ljava/lang/Object;)Ljava/lang/Object; java.base@23.0.1 (108 bytes) @ 0x000002254600e22c [0x000002254600dc40+0x00000000000005ec]
j  org.springframework.boot.devtools.restart.RestartLauncher.run()V+47
v  ~StubRoutines::call_stub 0x0000022545240fcd

siginfo: EXCEPTION_ACCESS_VIOLATION (0xc0000005), reading address 0x00001a2539fbf80a


Registers:
RAX=0x000007ffffffffff, RBX=0x000002259e987648, RCX=0x0000000000000015, RDX=0x00001a2539fbf80a
RSP=0x000000b47f9fe220, RBP=0x000000b47f9fe3b0, RSI=0x000000b401dfcc88, RDI=0xfffffffffffffff7
R8 =0x00007ffca015fbc8, R9 =0x0000022539f758f0, R10=0x000000000000006b, R11=0x000000b47f9fe418
R12=0x000002255554e490, R13=0x000002255554e878, R14=0x0000000000000000, R15=0x000002255554e4a0
RIP=0x00007ffc9fa7365d, EFLAGS=0x0000000000010216


Register to memory mapping:

RAX=0x000007ffffffffff is an unknown value
RBX=0x000002259e987648 points into unknown readable memory: 0x00007ffca015fbc8 | c8 fb 15 a0 fc 7f 00 00
RCX=0x0000000000000015 is an unknown value
RDX=0x00001a2539fbf80a is an unknown value
RSP=0x000000b47f9fe220 points into unknown readable memory: 0x000000b47f9fe270 | 70 e2 9f 7f b4 00 00 00
RBP=0x000000b47f9fe3b0 points into unknown readable memory: 0x000002259e987648 | 48 76 98 9e 25 02 00 00
RSI=0x000000b401dfcc88 is pointing into the stack for thread: 0x00000225a178a600
RDI=0xfffffffffffffff7 is an unknown value
R8 =0x00007ffca015fbc8 jvm.dll
R9 =0x0000022539f758f0 points into unknown readable memory: 0x00007ffca0155230 | 30 52 15 a0 fc 7f 00 00
R10=0x000000000000006b is an unknown value
R11=0x000000b47f9fe418 points into unknown readable memory: 0x00007ffc9fa1b095 | 95 b0 a1 9f fc 7f 00 00
R12=0x000002255554e490 points into unknown readable memory: 0x0000000000000000 | 00 00 00 00 00 00 00 00
R13=0x000002255554e878 points into unknown readable memory: 0x88000c00ffbed5d5 | d5 d5 be ff 00 0c 00 88
R14=0x0 is null
R15=0x000002255554e4a0 points into unknown readable memory: 0x000002253f144297 | 97 42 14 3f 25 02 00 00

Top of Stack: (sp=0x000000b47f9fe220)
0x000000b47f9fe220:   000000b47f9fe270 000002259e987648
0x000000b47f9fe230:   000000b47f9fe2a0 000000b47f9fe2a0
0x000000b47f9fe240:   000000b47f9fe550 00007ffc9fa1af80
0x000000b47f9fe250:   000000b47f9fe338 000002259e987648
0x000000b47f9fe260:   0000000000000001 000002259e987648
0x000000b47f9fe270:   000002255657c8a8 0000001300000001
0x000000b47f9fe280:   0000000000000068 000000017f9fe30c
0x000000b47f9fe290:   00000225564a0090 0000000000000000
0x000000b47f9fe2a0:   0000000000000000 00007ffc9fa1b582
0x000000b47f9fe2b0:   000000b401dfcc88 000002259b72bff0
0x000000b47f9fe2c0:   000002259b72bff0 000002259e987648
0x000000b47f9fe2d0:   0000001610174601 00000225561e4fd0
0x000000b47f9fe2e0:   000002259b64f320 0000022500000006
0x000000b47f9fe2f0:   000002255657c8a8 00000000000003d8
0x000000b47f9fe300:   00000225567f1246 00007ffc000000b8
0x000000b47f9fe310:   00000225561e4fd0 000000b47f9fe380
0x000000b47f9fe320:   000000b4013ff708 000002259e987648
0x000000b47f9fe330:   0000000000000968 000002255657c8a8
0x000000b47f9fe340:   0000000000000063 0000000000000000
0x000000b47f9fe350:   000002259e987648 0000000000000004
0x000000b47f9fe360:   000000b47f9fe550 000002255657c8a8
0x000000b47f9fe370:   000000050000000e 0000000000000000
0x000000b47f9fe380:   00007ffc00000005 00007ffc9fa20680
0x000000b47f9fe390:   00000000000003d8 000002255554e878
0x000000b47f9fe3a0:   000002259e987648 000000b47f9fe588
0x000000b47f9fe3b0:   000002259e987648 00007ffc9fa73724
0x000000b47f9fe3c0:   000002259e987648 000002259e987648
0x000000b47f9fe3d0:   00002187e2129aa3 00007ffc9fa60d7b
0x000000b47f9fe3e0:   00007ffc9ff88e50 00000000000003d8
0x000000b47f9fe3f0:   000002255554e878 000002259e987648
0x000000b47f9fe400:   0000000000000000 000002259e9876f0
0x000000b47f9fe410:   000002259e987648 00007ffc9fa1b095 

Instructions: (pc=0x00007ffc9fa7365d)
0x00007ffc9fa7355d:   e8 48 8d 14 40 49 03 91 b0 05 00 00 0f b7 02 66
0x00007ffc9fa7356d:   89 44 24 38 0f b6 42 02 88 44 24 3a 0f b6 44 24
0x00007ffc9fa7357d:   39 84 c0 78 4d 49 8b 10 0f b6 c2 24 03 3c 03 75
0x00007ffc9fa7358d:   06 48 83 e2 fc eb 27 0f b7 44 24 38 4c 8b ca 48
0x00007ffc9fa7359d:   8b 4b 10 48 8d 54 24 40 66 89 44 24 40 0f b6 44
0x00007ffc9fa735ad:   24 3a 88 44 24 42 e8 e8 0e ff ff 48 8b d0 48 2b
0x00007ffc9fa735bd:   15 de 44 8e 00 8b 0d e0 44 8e 00 48 d3 ea 89 17
0x00007ffc9fa735cd:   eb 3b 3c fd 75 37 41 8b 89 10 02 00 00 49 8b 81
0x00007ffc9fa735dd:   08 02 00 00 48 d3 e0 8b 0d 66 f1 94 00 4c 2b c0
0x00007ffc9fa735ed:   49 d3 e8 41 8b c0 48 8d 0c 40 49 8b 81 a0 05 00
0x00007ffc9fa735fd:   00 80 7c 01 01 fd 75 05 c6 44 01 01 ff 48 8b 4b
0x00007ffc9fa7360d:   10 e8 8d e9 fe ff 48 8b 5c 24 30 48 83 c4 20 5f
0x00007ffc9fa7361d:   c3 cc cc 48 89 5c 24 08 48 89 74 24 20 57 48 83
0x00007ffc9fa7362d:   ec 20 48 8b 3a 48 8b f2 48 8b d9 48 85 ff 0f 84
0x00007ffc9fa7363d:   e3 00 00 00 4c 8b 49 08 48 8b c7 41 8b 89 c0 05
0x00007ffc9fa7364d:   00 00 48 d3 e8 48 8d 14 40 49 03 91 b0 05 00 00
0x00007ffc9fa7365d:   0f b7 02 66 89 44 24 38 0f b6 42 02 88 44 24 3a
0x00007ffc9fa7366d:   0f b6 44 24 39 84 c0 78 47 48 8b 0f 0f b6 c1 24
0x00007ffc9fa7367d:   03 3c 03 75 0c 48 83 e1 fc 48 89 0e e9 8d 00 00
0x00007ffc9fa7368d:   00 0f b7 44 24 38 48 8d 54 24 40 66 89 44 24 40
0x00007ffc9fa7369d:   4c 8b c9 0f b6 44 24 3a 4c 8b c7 48 8b 4b 10 88
0x00007ffc9fa736ad:   44 24 42 e8 eb 0d ff ff 48 8b c8 48 89 06 eb 5e
0x00007ffc9fa736bd:   3c fd 75 3b 41 8b 89 10 02 00 00 48 8b d7 49 8b
0x00007ffc9fa736cd:   81 08 02 00 00 48 d3 e0 8b 0d 75 f0 94 00 48 2b
0x00007ffc9fa736dd:   d0 48 d3 ea 8b c2 48 8d 0c 40 49 8b 81 a0 05 00
0x00007ffc9fa736ed:   00 80 7c 01 01 fd 75 17 c6 44 01 01 ff eb 10 3c
0x00007ffc9fa736fd:   fc 75 0c 48 8b 4b 10 48 8b d6 e8 24 f2 ff ff 8b
0x00007ffc9fa7370d:   53 18 4c 8b c7 48 8b 4b 28 e8 f5 ce fa ff 48 8b
0x00007ffc9fa7371d:   4b 10 e8 7c e8 fe ff 48 8b 5c 24 30 48 8b 74 24
0x00007ffc9fa7372d:   48 48 83 c4 20 5f c3 cc cc cc cc cc cc cc cc cc
0x00007ffc9fa7373d:   cc cc cc 48 89 5c 24 20 56 48 83 ec 20 8b 02 48
0x00007ffc9fa7374d:   8b f2 48 8b d9 85 c0 0f 84 08 01 00 00 8b 0d 48 


Stack slot to memory mapping:

stack at sp + 0 slots: 0x000000b47f9fe270 points into unknown readable memory: 0x000002255657c8a8 | a8 c8 57 56 25 02 00 00
stack at sp + 1 slots: 0x000002259e987648 points into unknown readable memory: 0x00007ffca015fbc8 | c8 fb 15 a0 fc 7f 00 00
stack at sp + 2 slots: 0x000000b47f9fe2a0 points into unknown readable memory: 0x0000000000000000 | 00 00 00 00 00 00 00 00
stack at sp + 3 slots: 0x000000b47f9fe2a0 points into unknown readable memory: 0x0000000000000000 | 00 00 00 00 00 00 00 00
stack at sp + 4 slots: 0x000000b47f9fe550 points into unknown readable memory: 0x000000b401dfcc68 | 68 cc df 01 b4 00 00 00
stack at sp + 5 slots: 0x00007ffc9fa1af80 jvm.dll
stack at sp + 6 slots: 0x000000b47f9fe338 points into unknown readable memory: 0x000002255657c8a8 | a8 c8 57 56 25 02 00 00
stack at sp + 7 slots: 0x000002259e987648 points into unknown readable memory: 0x00007ffca015fbc8 | c8 fb 15 a0 fc 7f 00 00


---------------  P R O C E S S  ---------------

Threads class SMR info:
_java_thread_list=0x00000225ac481050, length=45, elements={
0x00000225551abb50, 0x00000225551ad5c0, 0x00000225551b03c0, 0x00000225551b1030,
0x00000225551b3fe0, 0x00000225551b4a40, 0x00000225551c0c40, 0x00000225551cba80,
0x00000225556099c0, 0x0000022555758fa0, 0x0000022555759c40, 0x0000022555722040,
0x000002259b348990, 0x00000225a4a6f790, 0x00000225a4a71ef0, 0x00000225a63a28c0,
0x00000225a1dc2030, 0x00000225a178b320, 0x00000225a1dbf8d0, 0x00000225a178ee30,
0x00000225a63a35e0, 0x00000225a178f4c0, 0x000002259e42da20, 0x00000225a639fad0,
0x00000225a4a732a0, 0x00000225a1dbcae0, 0x00000225a178c040, 0x00000225a6884560,
0x00000225a4a6bc80, 0x00000225a687fd30, 0x00000225a6884bf0, 0x00000225a613ae80,
0x00000225a6134c10, 0x00000225a4a6c310, 0x00000225a17901e0, 0x00000225a1dbff60,
0x00000225a63a1510, 0x00000225a4a6d6c0, 0x00000225a178e110, 0x00000225a178a600,
0x00000225a1790f00, 0x00000225a1789f70, 0x00000225a6133ef0, 0x00000225a6139ad0,
0x00000225a6137a00
}

Java Threads: ( => current thread )
  0x00000225551abb50 JavaThread "Reference Handler"          daemon [_thread_blocked, id=29532, stack(0x000000b47e500000,0x000000b47e600000) (1024K)]
  0x00000225551ad5c0 JavaThread "Finalizer"                  daemon [_thread_blocked, id=16812, stack(0x000000b47e600000,0x000000b47e700000) (1024K)]
  0x00000225551b03c0 JavaThread "Signal Dispatcher"          daemon [_thread_blocked, id=6088, stack(0x000000b47e700000,0x000000b47e800000) (1024K)]
  0x00000225551b1030 JavaThread "Attach Listener"            daemon [_thread_blocked, id=12052, stack(0x000000b47e800000,0x000000b47e900000) (1024K)]
  0x00000225551b3fe0 JavaThread "Service Thread"             daemon [_thread_blocked, id=4836, stack(0x000000b47e900000,0x000000b47ea00000) (1024K)]
  0x00000225551b4a40 JavaThread "Monitor Deflation Thread"   daemon [_thread_blocked, id=21096, stack(0x000000b47ea00000,0x000000b47eb00000) (1024K)]
  0x00000225551c0c40 JavaThread "C2 CompilerThread0"         daemon [_thread_blocked, id=30800, stack(0x000000b47eb00000,0x000000b47ec00000) (1024K)]
  0x00000225551cba80 JavaThread "C1 CompilerThread0"         daemon [_thread_blocked, id=31444, stack(0x000000b47ec00000,0x000000b47ed00000) (1024K)]
  0x00000225556099c0 JavaThread "Common-Cleaner"             daemon [_thread_blocked, id=32752, stack(0x000000b47ed00000,0x000000b47ee00000) (1024K)]
  0x0000022555758fa0 JavaThread "JDWP Transport Listener: dt_socket" daemon [_thread_blocked, id=27020, stack(0x000000b47f000000,0x000000b47f100000) (1024K)]
  0x0000022555759c40 JavaThread "JDWP Event Helper Thread"   daemon [_thread_blocked, id=23848, stack(0x000000b47f100000,0x000000b47f200000) (1024K)]
  0x0000022555722040 JavaThread "JDWP Command Reader"        daemon [_thread_blocked, id=24500, stack(0x000000b47f200000,0x000000b47f300000) (1024K)]
  0x000002259b348990 JavaThread "Notification Thread"        daemon [_thread_blocked, id=14904, stack(0x000000b47f300000,0x000000b47f400000) (1024K)]
  0x00000225a4a6f790 JavaThread "Live Reload Server"         daemon [_thread_in_native, id=22600, stack(0x000000b401600000,0x000000b401700000) (1024K)]
  0x00000225a4a71ef0 JavaThread "DestroyJavaVM"                     [_thread_blocked, id=31728, stack(0x000000b47dd00000,0x000000b47de00000) (1024K)]
  0x00000225a63a28c0 JavaThread "File Watcher"               daemon [_thread_blocked, id=22824, stack(0x000000b400600000,0x000000b400700000) (1024K)]
  0x00000225a1dc2030 JavaThread "File Watcher"               daemon [_thread_blocked, id=2028, stack(0x000000b400900000,0x000000b400a00000) (1024K)]
  0x00000225a178b320 JavaThread "File Watcher"               daemon [_thread_blocked, id=10044, stack(0x000000b400a00000,0x000000b400b00000) (1024K)]
  0x00000225a1dbf8d0 JavaThread "File Watcher"               daemon [_thread_blocked, id=32420, stack(0x000000b400b00000,0x000000b400c00000) (1024K)]
  0x00000225a178ee30 JavaThread "File Watcher"               daemon [_thread_blocked, id=32568, stack(0x000000b400c00000,0x000000b400d00000) (1024K)]
  0x00000225a63a35e0 JavaThread "File Watcher"               daemon [_thread_blocked, id=21136, stack(0x000000b400d00000,0x000000b400e00000) (1024K)]
  0x00000225a178f4c0 JavaThread "File Watcher"               daemon [_thread_blocked, id=29172, stack(0x000000b400e00000,0x000000b400f00000) (1024K)]
  0x000002259e42da20 JavaThread "File Watcher"               daemon [_thread_blocked, id=3696, stack(0x000000b400f00000,0x000000b401000000) (1024K)]
  0x00000225a639fad0 JavaThread "File Watcher"               daemon [_thread_blocked, id=31088, stack(0x000000b401200000,0x000000b401300000) (1024K)]
  0x00000225a4a732a0 JavaThread "File Watcher"               daemon [_thread_blocked, id=23608, stack(0x000000b400700000,0x000000b400800000) (1024K)]
  0x00000225a1dbcae0 JavaThread "File Watcher"               daemon [_thread_blocked, id=22684, stack(0x000000b401000000,0x000000b401100000) (1024K)]
  0x00000225a178c040 JavaThread "File Watcher"               daemon [_thread_blocked, id=9324, stack(0x000000b401100000,0x000000b401200000) (1024K)]
  0x00000225a6884560 JavaThread "File Watcher"               daemon [_thread_blocked, id=2736, stack(0x000000b401500000,0x000000b401600000) (1024K)]
  0x00000225a4a6bc80 JavaThread "File Watcher"               daemon [_thread_blocked, id=32476, stack(0x000000b401300000,0x000000b401400000) (1024K)]
  0x00000225a687fd30 JavaThread "File Watcher"               daemon [_thread_blocked, id=12636, stack(0x000000b401700000,0x000000b401800000) (1024K)]
  0x00000225a6884bf0 JavaThread "File Watcher"               daemon [_thread_blocked, id=11464, stack(0x000000b401400000,0x000000b401500000) (1024K)]
  0x00000225a613ae80 JavaThread "File Watcher"               daemon [_thread_blocked, id=2872, stack(0x000000b401900000,0x000000b401a00000) (1024K)]
  0x00000225a6134c10 JavaThread "File Watcher"               daemon [_thread_blocked, id=9420, stack(0x000000b401a00000,0x000000b401b00000) (1024K)]
  0x00000225a4a6c310 JavaThread "File Watcher"               daemon [_thread_blocked, id=12836, stack(0x000000b401b00000,0x000000b401c00000) (1024K)]
  0x00000225a17901e0 JavaThread "Thread-148"                        [_thread_blocked, id=9456, stack(0x000000b402500000,0x000000b402600000) (1024K)]
  0x00000225a1dbff60 JavaThread "File Watcher"               daemon [_thread_blocked, id=29204, stack(0x000000b402600000,0x000000b402700000) (1024K)]
  0x00000225a63a1510 JavaThread "File Watcher"               daemon [_thread_blocked, id=2668, stack(0x000000b400500000,0x000000b400600000) (1024K)]
  0x00000225a4a6d6c0 JavaThread "File Watcher"               daemon [_thread_blocked, id=10412, stack(0x000000b401800000,0x000000b401900000) (1024K)]
  0x00000225a178e110 JavaThread "File Watcher"               daemon [_thread_blocked, id=30928, stack(0x000000b401c00000,0x000000b401d00000) (1024K)]
  0x00000225a178a600 JavaThread "restartedMain"                     [_thread_blocked, id=19380, stack(0x000000b401d00000,0x000000b401e00000) (1024K)]
  0x00000225a1790f00 JavaThread "PostgreSQL-JDBC-Cleaner"    daemon [_thread_blocked, id=22012, stack(0x000000b402800000,0x000000b402900000) (1024K)]
  0x00000225a1789f70 JavaThread "HikariPool-47 housekeeper"  daemon [_thread_blocked, id=2864, stack(0x000000b402900000,0x000000b402a00000) (1024K)]
  0x00000225a6133ef0 JavaThread "Catalina-utility-1"                [_thread_blocked, id=4380, stack(0x000000b402e00000,0x000000b402f00000) (1024K)]
  0x00000225a6139ad0 JavaThread "Catalina-utility-2"                [_thread_blocked, id=19488, stack(0x000000b402f00000,0x000000b403000000) (1024K)]
  0x00000225a6137a00 JavaThread "container-23"                      [_thread_blocked, id=12036, stack(0x000000b403000000,0x000000b403100000) (1024K)]
Total: 45

Other Threads:
  0x0000022555194260 VMThread "VM Thread"                           [id=5472, stack(0x000000b47e400000,0x000000b47e500000) (1024K)]
  0x000002255517d980 WatcherThread "VM Periodic Task Thread"        [id=8312, stack(0x000000b47e300000,0x000000b47e400000) (1024K)]
  0x0000022539fcb8a0 WorkerThread "GC Thread#0"                     [id=5896, stack(0x000000b47de00000,0x000000b47df00000) (1024K)]
  0x000002259b625880 WorkerThread "GC Thread#1"                     [id=6592, stack(0x000000b47f500000,0x000000b47f600000) (1024K)]
  0x000002259b625c30 WorkerThread "GC Thread#2"                     [id=3360, stack(0x000000b47f600000,0x000000b47f700000) (1024K)]
  0x000002259b636700 WorkerThread "GC Thread#3"                     [id=25500, stack(0x000000b47f700000,0x000000b47f800000) (1024K)]
  0x000002259b6372d0 WorkerThread "GC Thread#4"                     [id=17892, stack(0x000000b47f800000,0x000000b47f900000) (1024K)]
=>0x000002259b64f320 WorkerThread "GC Thread#5"                     [id=16800, stack(0x000000b47f900000,0x000000b47fa00000) (1024K)]
  0x000002259b64f6d0 WorkerThread "GC Thread#6"                     [id=14544, stack(0x000000b47fa00000,0x000000b47fb00000) (1024K)]
  0x000002259b64fa80 WorkerThread "GC Thread#7"                     [id=25452, stack(0x000000b47fb00000,0x000000b47fc00000) (1024K)]
  0x000002259bd83480 WorkerThread "GC Thread#8"                     [id=27980, stack(0x000000b47ff00000,0x000000b480000000) (1024K)]
  0x000002259bd83830 WorkerThread "GC Thread#9"                     [id=18504, stack(0x000000b400000000,0x000000b400100000) (1024K)]
  0x000002259bf5f500 WorkerThread "GC Thread#10"                    [id=29856, stack(0x000000b400200000,0x000000b400300000) (1024K)]
  0x000002259bf5db30 WorkerThread "GC Thread#11"                    [id=26588, stack(0x000000b400300000,0x000000b400400000) (1024K)]
  0x000002259d467c00 WorkerThread "GC Thread#12"                    [id=18676, stack(0x000000b400400000,0x000000b400500000) (1024K)]
  0x0000022539fdbeb0 ConcurrentGCThread "G1 Main Marker"            [id=31356, stack(0x000000b47df00000,0x000000b47e000000) (1024K)]
  0x0000022539fdc9c0 WorkerThread "G1 Conc#0"                       [id=28772, stack(0x000000b47e000000,0x000000b47e100000) (1024K)]
  0x000002259d467fb0 WorkerThread "G1 Conc#1"                       [id=18988, stack(0x000000b400100000,0x000000b400200000) (1024K)]
  0x000002259d468710 WorkerThread "G1 Conc#2"                       [id=1648, stack(0x000000b400800000,0x000000b400900000) (1024K)]
  0x0000022555053470 ConcurrentGCThread "G1 Refine#0"               [id=20816, stack(0x000000b47e100000,0x000000b47e200000) (1024K)]
  0x0000022555053ff0 ConcurrentGCThread "G1 Service"                [id=8616, stack(0x000000b47e200000,0x000000b47e300000) (1024K)]
Total: 21

Threads with active compile tasks:
Total: 0

VM state: at safepoint (normal execution)

VM Mutex/Monitor currently owned by a thread:  ([mutex/lock_event])
[0x00007ffca03ebd70] Threads_lock - owner thread: 0x0000022555194260
[0x00007ffca03ebe70] Heap_lock - owner thread: 0x00000225a613ae80

Heap address: 0x000000070a200000, size: 3934 MB, Compressed Oops mode: Zero based, Oop shift amount: 3

CDS archive(s) mapped at: [0x0000022556000000-0x0000022556d70000-0x0000022556d70000), size 14090240, SharedBaseAddress: 0x0000022556000000, ArchiveRelocationMode: 1.
Compressed class space mapped at: 0x0000022557000000-0x0000022597000000, reserved size: 1073741824
Narrow klass base: 0x0000022556000000, Narrow klass shift: 0, Narrow klass range: 0x41000000

GC Precious Log:
 CardTable entry size: 512
 Card Set container configuration: InlinePtr #cards 4 size 8 Array Of Cards #cards 16 size 48 Howl #buckets 8 coarsen threshold 3686 Howl Bitmap #cards 512 size 80 coarsen threshold 460 Card regions per heap region 1 cards per card region 4096
 CPUs: 16 total, 16 available
 Memory: 15734M
 Large Page Support: Disabled
 NUMA Support: Disabled
 Compressed Oops: Enabled (Zero based)
 Heap Region Size: 2M
 Heap Min Capacity: 8M
 Heap Initial Capacity: 246M
 Heap Max Capacity: 3934M
 Pre-touch: Disabled
 Parallel Workers: 13
 Concurrent Workers: 3
 Concurrent Refinement Workers: 13
 Periodic GC: Disabled

Heap:
 garbage-first heap   total reserved 4028416K, committed 137216K, used 126921K [0x000000070a200000, 0x0000000800000000)
  region size 2048K, 37 young (75776K), 4 survivors (8192K)
 Metaspace       used 106367K, committed 107520K, reserved 1179648K
  class space    used 12360K, committed 12864K, reserved 1048576K

Heap Regions: E=young(eden), S=young(survivor), O=old, HS=humongous(starts), HC=humongous(continues), CS=collection set, F=free, TAMS=top-at-mark-start, PB=parsable bottom
|   0|0x000000070a200000, 0x000000070a400000, 0x000000070a400000|100%| O|  |TAMS 0x000000070a400000| PB 0x000000070a200000| Untracked |  0
|   1|0x000000070a400000, 0x000000070a5fffe0, 0x000000070a600000| 99%| O|  |TAMS 0x000000070a5fffe0| PB 0x000000070a400000| Untracked |  0
|   2|0x000000070a600000, 0x000000070a800000, 0x000000070a800000|100%| O|  |TAMS 0x000000070a800000| PB 0x000000070a600000| Untracked |  0
|   3|0x000000070a800000, 0x000000070a9ffff8, 0x000000070aa00000| 99%| O|  |TAMS 0x000000070a9ffff8| PB 0x000000070a800000| Untracked |  0
|   4|0x000000070aa00000, 0x000000070abfffb8, 0x000000070ac00000| 99%| O|  |TAMS 0x000000070abfffb8| PB 0x000000070aa00000| Untracked |  0
|   5|0x000000070ac00000, 0x000000070adf6bc0, 0x000000070ae00000| 98%| O|  |TAMS 0x000000070adf6bc0| PB 0x000000070ac00000| Untracked |  0
|   6|0x000000070ae00000, 0x000000070afffff8, 0x000000070b000000| 99%| O|  |TAMS 0x000000070afffff8| PB 0x000000070ae00000| Untracked |  0
|   7|0x000000070b000000, 0x000000070b1fffa8, 0x000000070b200000| 99%| O|  |TAMS 0x000000070b1fffa8| PB 0x000000070b000000| Untracked |  0
|   8|0x000000070b200000, 0x000000070b3ffff0, 0x000000070b400000| 99%| O|  |TAMS 0x000000070b3ffff0| PB 0x000000070b200000| Untracked |  0
|   9|0x000000070b400000, 0x000000070b5fffe0, 0x000000070b600000| 99%| O|  |TAMS 0x000000070b5fffe0| PB 0x000000070b400000| Untracked |  0
|  10|0x000000070b600000, 0x000000070b7ffff8, 0x000000070b800000| 99%| O|  |TAMS 0x000000070b7ffff8| PB 0x000000070b600000| Untracked |  0
|  11|0x000000070b800000, 0x000000070b9fffc0, 0x000000070ba00000| 99%| O|  |TAMS 0x000000070b9fffc0| PB 0x000000070b800000| Untracked |  0
|  12|0x000000070ba00000, 0x000000070bbffff0, 0x000000070bc00000| 99%| O|  |TAMS 0x000000070bbffff0| PB 0x000000070ba00000| Untracked |  0
|  13|0x000000070bc00000, 0x000000070be00000, 0x000000070be00000|100%| O|  |TAMS 0x000000070be00000| PB 0x000000070bc00000| Untracked |  0
|  14|0x000000070be00000, 0x000000070be00000, 0x000000070c000000|  0%| F|  |TAMS 0x000000070be00000| PB 0x000000070be00000| Untracked |  0
|  15|0x000000070c000000, 0x000000070c200000, 0x000000070c200000|100%| O|  |TAMS 0x000000070c200000| PB 0x000000070c000000| Untracked |  0
|  16|0x000000070c200000, 0x000000070c400000, 0x000000070c400000|100%| O|  |TAMS 0x000000070c400000| PB 0x000000070c200000| Untracked |  0
|  17|0x000000070c400000, 0x000000070c600000, 0x000000070c600000|100%| O|  |TAMS 0x000000070c600000| PB 0x000000070c400000| Untracked |  0
|  18|0x000000070c600000, 0x000000070c800000, 0x000000070c800000|100%| O|  |TAMS 0x000000070c800000| PB 0x000000070c600000| Untracked |  0
|  19|0x000000070c800000, 0x000000070ca00000, 0x000000070ca00000|100%| O|  |TAMS 0x000000070ca00000| PB 0x000000070c800000| Untracked |  0
|  20|0x000000070ca00000, 0x000000070cc00000, 0x000000070cc00000|100%| O|  |TAMS 0x000000070cc00000| PB 0x000000070ca00000| Untracked |  0
|  21|0x000000070cc00000, 0x000000070ce00000, 0x000000070ce00000|100%| O|  |TAMS 0x000000070ce00000| PB 0x000000070cc00000| Untracked |  0
|  22|0x000000070ce00000, 0x000000070d000000, 0x000000070d000000|100%| O|  |TAMS 0x000000070d000000| PB 0x000000070ce00000| Untracked |  0
|  23|0x000000070d000000, 0x000000070d14cf28, 0x000000070d200000| 65%| S|  |TAMS 0x000000070d000000| PB 0x000000070d000000| Complete |  0
|  24|0x000000070d200000, 0x000000070d400000, 0x000000070d400000|100%| O|  |TAMS 0x000000070d400000| PB 0x000000070d200000| Untracked |  0
|  25|0x000000070d400000, 0x000000070d600000, 0x000000070d600000|100%| O|  |TAMS 0x000000070d600000| PB 0x000000070d400000| Untracked |  0
|  26|0x000000070d600000, 0x000000070d800000, 0x000000070d800000|100%| S|  |TAMS 0x000000070d600000| PB 0x000000070d600000| Complete |  0
|  27|0x000000070d800000, 0x000000070da00000, 0x000000070da00000|100%| O|  |TAMS 0x000000070da00000| PB 0x000000070d800000| Untracked |  0
|  28|0x000000070da00000, 0x000000070dc00000, 0x000000070dc00000|100%| O|  |TAMS 0x000000070dc00000| PB 0x000000070da00000| Untracked |  0
|  29|0x000000070dc00000, 0x000000070de00000, 0x000000070de00000|100%| O|  |TAMS 0x000000070de00000| PB 0x000000070dc00000| Untracked |  0
|  30|0x000000070de00000, 0x000000070dffd360, 0x000000070e000000| 99%| O|  |TAMS 0x000000070dffd360| PB 0x000000070de00000| Untracked |  0
|  31|0x000000070e000000, 0x000000070e200000, 0x000000070e200000|100%| S|  |TAMS 0x000000070e000000| PB 0x000000070e000000| Complete |  0
|  32|0x000000070e200000, 0x000000070e400000, 0x000000070e400000|100%| S|  |TAMS 0x000000070e200000| PB 0x000000070e200000| Complete |  0
|  33|0x000000070e400000, 0x000000070e5fe900, 0x000000070e600000| 99%| E|CS|TAMS 0x000000070e400000| PB 0x000000070e400000| Complete |  0
|  34|0x000000070e600000, 0x000000070e800000, 0x000000070e800000|100%| E|CS|TAMS 0x000000070e600000| PB 0x000000070e600000| Complete |  0
|  35|0x000000070e800000, 0x000000070ea00000, 0x000000070ea00000|100%| E|CS|TAMS 0x000000070e800000| PB 0x000000070e800000| Complete |  0
|  36|0x000000070ea00000, 0x000000070ec00000, 0x000000070ec00000|100%| E|CS|TAMS 0x000000070ea00000| PB 0x000000070ea00000| Complete |  0
|  37|0x000000070ec00000, 0x000000070ee00000, 0x000000070ee00000|100%| E|CS|TAMS 0x000000070ec00000| PB 0x000000070ec00000| Complete |  0
|  38|0x000000070ee00000, 0x000000070f000000, 0x000000070f000000|100%| E|CS|TAMS 0x000000070ee00000| PB 0x000000070ee00000| Complete |  0
|  39|0x000000070f000000, 0x000000070f200000, 0x000000070f200000|100%| E|CS|TAMS 0x000000070f000000| PB 0x000000070f000000| Complete |  0
|  40|0x000000070f200000, 0x000000070f400000, 0x000000070f400000|100%| E|CS|TAMS 0x000000070f200000| PB 0x000000070f200000| Complete |  0
|  41|0x000000070f400000, 0x000000070f600000, 0x000000070f600000|100%| E|CS|TAMS 0x000000070f400000| PB 0x000000070f400000| Complete |  0
|  42|0x000000070f600000, 0x000000070f800000, 0x000000070f800000|100%| E|CS|TAMS 0x000000070f600000| PB 0x000000070f600000| Complete |  0
|  43|0x000000070f800000, 0x000000070fa00000, 0x000000070fa00000|100%| E|CS|TAMS 0x000000070f800000| PB 0x000000070f800000| Complete |  0
|  44|0x000000070fa00000, 0x000000070fc00000, 0x000000070fc00000|100%| E|CS|TAMS 0x000000070fa00000| PB 0x000000070fa00000| Complete |  0
|  45|0x000000070fc00000, 0x000000070fe00000, 0x000000070fe00000|100%| E|CS|TAMS 0x000000070fc00000| PB 0x000000070fc00000| Complete |  0
|  46|0x000000070fe00000, 0x0000000710000000, 0x0000000710000000|100%| E|CS|TAMS 0x000000070fe00000| PB 0x000000070fe00000| Complete |  0
|  47|0x0000000710000000, 0x0000000710200000, 0x0000000710200000|100%| E|CS|TAMS 0x0000000710000000| PB 0x0000000710000000| Complete |  0
|  48|0x0000000710200000, 0x0000000710400000, 0x0000000710400000|100%| E|CS|TAMS 0x0000000710200000| PB 0x0000000710200000| Complete |  0
|  49|0x0000000710400000, 0x0000000710600000, 0x0000000710600000|100%| E|CS|TAMS 0x0000000710400000| PB 0x0000000710400000| Complete |  0
|  50|0x0000000710600000, 0x0000000710800000, 0x0000000710800000|100%| E|CS|TAMS 0x0000000710600000| PB 0x0000000710600000| Complete |  0
|  51|0x0000000710800000, 0x0000000710a00000, 0x0000000710a00000|100%| E|CS|TAMS 0x0000000710800000| PB 0x0000000710800000| Complete |  0
|  52|0x0000000710a00000, 0x0000000710c00000, 0x0000000710c00000|100%| E|CS|TAMS 0x0000000710a00000| PB 0x0000000710a00000| Complete |  0
|  53|0x0000000710c00000, 0x0000000710e00000, 0x0000000710e00000|100%| E|CS|TAMS 0x0000000710c00000| PB 0x0000000710c00000| Complete |  0
|  54|0x0000000710e00000, 0x0000000711000000, 0x0000000711000000|100%| E|CS|TAMS 0x0000000710e00000| PB 0x0000000710e00000| Complete |  0
|  55|0x0000000711000000, 0x0000000711200000, 0x0000000711200000|100%| E|CS|TAMS 0x0000000711000000| PB 0x0000000711000000| Complete |  0
|  56|0x0000000711200000, 0x0000000711400000, 0x0000000711400000|100%| E|CS|TAMS 0x0000000711200000| PB 0x0000000711200000| Complete |  0
|  57|0x0000000711400000, 0x0000000711600000, 0x0000000711600000|100%| E|CS|TAMS 0x0000000711400000| PB 0x0000000711400000| Complete |  0
|  58|0x0000000711600000, 0x0000000711800000, 0x0000000711800000|100%| E|CS|TAMS 0x0000000711600000| PB 0x0000000711600000| Complete |  0
|  59|0x0000000711800000, 0x0000000711a00000, 0x0000000711a00000|100%| E|CS|TAMS 0x0000000711800000| PB 0x0000000711800000| Complete |  0
|  60|0x0000000711a00000, 0x0000000711c00000, 0x0000000711c00000|100%| E|CS|TAMS 0x0000000711a00000| PB 0x0000000711a00000| Complete |  0
|  61|0x0000000711c00000, 0x0000000711e00000, 0x0000000711e00000|100%| E|CS|TAMS 0x0000000711c00000| PB 0x0000000711c00000| Complete |  0
|  62|0x0000000711e00000, 0x0000000712000000, 0x0000000712000000|100%| E|CS|TAMS 0x0000000711e00000| PB 0x0000000711e00000| Complete |  0
|  63|0x0000000712000000, 0x0000000712200000, 0x0000000712200000|100%| E|CS|TAMS 0x0000000712000000| PB 0x0000000712000000| Complete |  0
|  64|0x0000000712200000, 0x0000000712400000, 0x0000000712400000|100%| E|CS|TAMS 0x0000000712200000| PB 0x0000000712200000| Complete |  0
|  65|0x0000000712400000, 0x0000000712600000, 0x0000000712600000|100%| E|CS|TAMS 0x0000000712400000| PB 0x0000000712400000| Complete |  0
|  66|0x0000000712600000, 0x0000000712800000, 0x0000000712800000|100%| E|CS|TAMS 0x0000000712600000| PB 0x0000000712600000| Complete |  0

Card table byte_map: [0x000002254df40000,0x000002254e6f0000] _byte_map_base: 0x000002254a6ef000

Marking Bits: (CMBitMap*) 0x0000022539fcbfb0
 Bits: [0x000002254e6f0000, 0x0000022552468000)

Polling page: 0x0000022537d90000

Metaspace:

Usage:
  Non-class:     91.80 MB used.
      Class:     12.07 MB used.
       Both:    103.87 MB used.

Virtual space:
  Non-class space:      128.00 MB reserved,      92.44 MB ( 72%) committed,  2 nodes.
      Class space:        1.00 GB reserved,      12.56 MB (  1%) committed,  1 nodes.
             Both:        1.12 GB reserved,     105.00 MB (  9%) committed. 

Chunk freelists:
   Non-Class:  2.88 MB
       Class:  3.30 MB
        Both:  6.17 MB

MaxMetaspaceSize: unlimited
CompressedClassSpaceSize: 1.00 GB
Initial GC threshold: 21.00 MB
Current GC threshold: 175.00 MB
CDS: on
 - commit_granule_bytes: 65536.
 - commit_granule_words: 8192.
 - virtual_space_node_default_size: 8388608.
 - enlarge_chunks_in_place: 1.
 - use_allocation_guard: 0.


Internal statistics:

num_allocs_failed_limit: 9.
num_arena_births: 1740.
num_arena_deaths: 766.
num_vsnodes_births: 3.
num_vsnodes_deaths: 0.
num_space_committed: 1681.
num_space_uncommitted: 1.
num_chunks_returned_to_freelist: 1005.
num_chunks_taken_from_freelist: 6557.
num_chunk_merges: 217.
num_chunk_splits: 4085.
num_chunks_enlarged: 3037.
num_inconsistent_stats: 0.

CodeHeap 'non-profiled nmethods': size=119232Kb used=8717Kb max_used=12994Kb free=110515Kb
 bounds [0x0000022545980000, 0x0000022546650000, 0x000002254cdf0000]
CodeHeap 'profiled nmethods': size=119104Kb used=10961Kb max_used=20985Kb free=108143Kb
 bounds [0x000002253ddf0000, 0x000002253f290000, 0x0000022545240000]
CodeHeap 'non-nmethods': size=7424Kb used=1788Kb max_used=3658Kb free=5635Kb
 bounds [0x0000022545240000, 0x00000225455f0000, 0x0000022545980000]
CodeCache: size=245760Kb, used=21466Kb, max_used=37637Kb, free=224293Kb
 total_blobs=8945, nmethods=8178, adapters=671, full_count=0
Compilation: enabled, stopped_count=0, restarted_count=0

Compilation events (20 events):
Event: 19837.858 Thread 0x00000225551cba80 nmethod 71002 0x000002253ed48688 code [0x000002253ed487c0, 0x000002253ed48aa0]
Event: 19837.858 Thread 0x000002259fbd39f0 nmethod 71000 0x000002253ee13808 code [0x000002253ee139c0, 0x000002253ee141a0]
Event: 19837.859 Thread 0x00000225a04f75e0 nmethod 70999 0x000002253f1ca508 code [0x000002253f1ca760, 0x000002253f1cb730]
Event: 19837.860 Thread 0x000002259fbd1eb0 nmethod 70998 0x0000022545f77288 code [0x0000022545f773c0, 0x0000022545f77660]
Event: 19837.863 Thread 0x000002259fbd40c0 nmethod 70814 0x000002254619f788 code [0x00000225461a00c0, 0x00000225461a8710]
Event: 19837.870 Thread 0x00000225551c0c40 nmethod 70960 0x0000022545daf088 code [0x0000022545daf840, 0x0000022545db7520]
Event: 19837.895 Thread 0x000002259fbd39f0 71003       3       java.net.InetSocketAddress::getAddress (8 bytes)
Event: 19837.895 Thread 0x000002259fbd39f0 nmethod 71003 0x000002253e73c408 code [0x000002253e73c520, 0x000002253e73c658]
Event: 19837.971 Thread 0x000002259fbd0a40 71004       3       java.net.SocketImpl::<init> (5 bytes)
Event: 19837.971 Thread 0x000002259fbd0a40 nmethod 71004 0x000002253e934808 code [0x000002253e934920, 0x000002253e934a88]
Event: 19837.971 Thread 0x000002259fbd39f0 71005       3       sun.net.util.IPAddressUtil::digit (18 bytes)
Event: 19837.971 Thread 0x000002259fbd39f0 nmethod 71005 0x000002253e93df08 code [0x000002253e93e020, 0x000002253e93e160]
Event: 19837.971 Thread 0x000002259fbd39f0 71006       3       sun.nio.ch.Net::localAddress (16 bytes)
Event: 19837.972 Thread 0x000002259fbd39f0 nmethod 71006 0x000002253ed75188 code [0x000002253ed752c0, 0x000002253ed754d0]
Event: 19843.053 Thread 0x000002259fbd39f0 71007       3       java.util.concurrent.LinkedBlockingQueue::size (8 bytes)
Event: 19843.053 Thread 0x000002259fbd39f0 nmethod 71007 0x000002253e947308 code [0x000002253e947420, 0x000002253e947550]
Event: 19869.282 Thread 0x00000225551cba80 71008       3       org.eclipse.jdt.launching.internal.org.objectweb.asm.SymbolTable::hash (19 bytes)
Event: 19869.282 Thread 0x00000225551c0c40 71009       4       org.eclipse.jdt.launching.internal.org.objectweb.asm.Handle::hashCode (43 bytes)
Event: 19869.282 Thread 0x00000225551cba80 nmethod 71008 0x000002253de33508 code [0x000002253de33640, 0x000002253de337d0]
Event: 19869.287 Thread 0x00000225551c0c40 nmethod 71009 0x0000022545b7f788 code [0x0000022545b7f960, 0x0000022545b80318]

GC Heap History (20 events):
Event: 19833.913 GC heap after
{Heap after GC invocations=1667 (full 23):
 garbage-first heap   total reserved 4028416K, committed 137216K, used 54894K [0x000000070a200000, 0x0000000800000000)
  region size 2048K, 2 young (4096K), 2 survivors (4096K)
 Metaspace       used 106055K, committed 107200K, reserved 1179648K
  class space    used 12333K, committed 12800K, reserved 1048576K
}
Event: 19836.538 GC heap before
{Heap before GC invocations=1667 (full 23):
 garbage-first heap   total reserved 4028416K, committed 137216K, used 122478K [0x000000070a200000, 0x0000000800000000)
  region size 2048K, 35 young (71680K), 2 survivors (4096K)
 Metaspace       used 106097K, committed 107264K, reserved 1179648K
  class space    used 12343K, committed 12800K, reserved 1048576K
}
Event: 19836.543 GC heap after
{Heap after GC invocations=1668 (full 23):
 garbage-first heap   total reserved 4028416K, committed 137216K, used 59355K [0x000000070a200000, 0x0000000800000000)
  region size 2048K, 4 young (8192K), 4 survivors (8192K)
 Metaspace       used 106097K, committed 107264K, reserved 1179648K
  class space    used 12343K, committed 12800K, reserved 1048576K
}
Event: 19837.183 GC heap before
{Heap before GC invocations=1669 (full 23):
 garbage-first heap   total reserved 4028416K, committed 137216K, used 116699K [0x000000070a200000, 0x0000000800000000)
  region size 2048K, 33 young (67584K), 4 survivors (8192K)
 Metaspace       used 106322K, committed 107520K, reserved 1179648K
  class space    used 12358K, committed 12864K, reserved 1048576K
}
Event: 19837.190 GC heap after
{Heap after GC invocations=1670 (full 23):
 garbage-first heap   total reserved 4028416K, committed 137216K, used 64110K [0x000000070a200000, 0x0000000800000000)
  region size 2048K, 3 young (6144K), 3 survivors (6144K)
 Metaspace       used 106322K, committed 107520K, reserved 1179648K
  class space    used 12358K, committed 12864K, reserved 1048576K
}
Event: 19840.583 GC heap before
{Heap before GC invocations=1670 (full 23):
 garbage-first heap   total reserved 4028416K, committed 137216K, used 121454K [0x000000070a200000, 0x0000000800000000)
  region size 2048K, 31 young (63488K), 3 survivors (6144K)
 Metaspace       used 106367K, committed 107520K, reserved 1179648K
  class space    used 12360K, committed 12864K, reserved 1048576K
}
Event: 19840.587 GC heap after
{Heap after GC invocations=1671 (full 23):
 garbage-first heap   total reserved 4028416K, committed 137216K, used 61439K [0x000000070a200000, 0x0000000800000000)
  region size 2048K, 1 young (2048K), 1 survivors (2048K)
 Metaspace       used 106367K, committed 107520K, reserved 1179648K
  class space    used 12360K, committed 12864K, reserved 1048576K
}
Event: 19844.487 GC heap before
{Heap before GC invocations=1671 (full 23):
 garbage-first heap   total reserved 4028416K, committed 137216K, used 122879K [0x000000070a200000, 0x0000000800000000)
  region size 2048K, 31 young (63488K), 1 survivors (2048K)
 Metaspace       used 106367K, committed 107520K, reserved 1179648K
  class space    used 12360K, committed 12864K, reserved 1048576K
}
Event: 19844.490 GC heap after
{Heap after GC invocations=1672 (full 23):
 garbage-first heap   total reserved 4028416K, committed 137216K, used 63484K [0x000000070a200000, 0x0000000800000000)
  region size 2048K, 2 young (4096K), 2 survivors (4096K)
 Metaspace       used 106367K, committed 107520K, reserved 1179648K
  class space    used 12360K, committed 12864K, reserved 1048576K
}
Event: 19848.596 GC heap before
{Heap before GC invocations=1673 (full 23):
 garbage-first heap   total reserved 4028416K, committed 137216K, used 122876K [0x000000070a200000, 0x0000000800000000)
  region size 2048K, 31 young (63488K), 2 survivors (4096K)
 Metaspace       used 106367K, committed 107520K, reserved 1179648K
  class space    used 12360K, committed 12864K, reserved 1048576K
}
Event: 19848.600 GC heap after
{Heap after GC invocations=1674 (full 23):
 garbage-first heap   total reserved 4028416K, committed 137216K, used 62884K [0x000000070a200000, 0x0000000800000000)
  region size 2048K, 2 young (4096K), 2 survivors (4096K)
 Metaspace       used 106367K, committed 107520K, reserved 1179648K
  class space    used 12360K, committed 12864K, reserved 1048576K
}
Event: 19852.483 GC heap before
{Heap before GC invocations=1674 (full 23):
 garbage-first heap   total reserved 4028416K, committed 137216K, used 122276K [0x000000070a200000, 0x0000000800000000)
  region size 2048K, 31 young (63488K), 2 survivors (4096K)
 Metaspace       used 106367K, committed 107520K, reserved 1179648K
  class space    used 12360K, committed 12864K, reserved 1048576K
}
Event: 19852.486 GC heap after
{Heap after GC invocations=1675 (full 23):
 garbage-first heap   total reserved 4028416K, committed 137216K, used 59996K [0x000000070a200000, 0x0000000800000000)
  region size 2048K, 1 young (2048K), 1 survivors (2048K)
 Metaspace       used 106367K, committed 107520K, reserved 1179648K
  class space    used 12360K, committed 12864K, reserved 1048576K
}
Event: 19856.845 GC heap before
{Heap before GC invocations=1675 (full 23):
 garbage-first heap   total reserved 4028416K, committed 137216K, used 125532K [0x000000070a200000, 0x0000000800000000)
  region size 2048K, 33 young (67584K), 1 survivors (2048K)
 Metaspace       used 106367K, committed 107520K, reserved 1179648K
  class space    used 12360K, committed 12864K, reserved 1048576K
}
Event: 19856.848 GC heap after
{Heap after GC invocations=1676 (full 23):
 garbage-first heap   total reserved 4028416K, committed 137216K, used 59924K [0x000000070a200000, 0x0000000800000000)
  region size 2048K, 1 young (2048K), 1 survivors (2048K)
 Metaspace       used 106367K, committed 107520K, reserved 1179648K
  class space    used 12360K, committed 12864K, reserved 1048576K
}
Event: 19861.148 GC heap before
{Heap before GC invocations=1677 (full 23):
 garbage-first heap   total reserved 4028416K, committed 137216K, used 125460K [0x000000070a200000, 0x0000000800000000)
  region size 2048K, 33 young (67584K), 1 survivors (2048K)
 Metaspace       used 106367K, committed 107520K, reserved 1179648K
  class space    used 12360K, committed 12864K, reserved 1048576K
}
Event: 19861.150 GC heap after
{Heap after GC invocations=1678 (full 23):
 garbage-first heap   total reserved 4028416K, committed 137216K, used 60010K [0x000000070a200000, 0x0000000800000000)
  region size 2048K, 1 young (2048K), 1 survivors (2048K)
 Metaspace       used 106367K, committed 107520K, reserved 1179648K
  class space    used 12360K, committed 12864K, reserved 1048576K
}
Event: 19865.446 GC heap before
{Heap before GC invocations=1678 (full 23):
 garbage-first heap   total reserved 4028416K, committed 137216K, used 125546K [0x000000070a200000, 0x0000000800000000)
  region size 2048K, 33 young (67584K), 1 survivors (2048K)
 Metaspace       used 106367K, committed 107520K, reserved 1179648K
  class space    used 12360K, committed 12864K, reserved 1048576K
}
Event: 19865.449 GC heap after
{Heap after GC invocations=1679 (full 23):
 garbage-first heap   total reserved 4028416K, committed 137216K, used 59337K [0x000000070a200000, 0x0000000800000000)
  region size 2048K, 1 young (2048K), 1 survivors (2048K)
 Metaspace       used 106367K, committed 107520K, reserved 1179648K
  class space    used 12360K, committed 12864K, reserved 1048576K
}
Event: 19869.408 GC heap before
{Heap before GC invocations=1679 (full 23):
 garbage-first heap   total reserved 4028416K, committed 137216K, used 126921K [0x000000070a200000, 0x0000000800000000)
  region size 2048K, 34 young (69632K), 1 survivors (2048K)
 Metaspace       used 106367K, committed 107520K, reserved 1179648K
  class space    used 12360K, committed 12864K, reserved 1048576K
}

Dll operation events (12 events):
Event: 0.011 Loaded shared library C:\Users\shrey\.p2\pool\plugins\org.eclipse.justj.openjdk.hotspot.jre.full.win32.x86_64_23.0.1.v20241024-1700\jre\bin\java.dll
Event: 0.109 Loaded shared library C:\Users\shrey\.p2\pool\plugins\org.eclipse.justj.openjdk.hotspot.jre.full.win32.x86_64_23.0.1.v20241024-1700\jre\bin\zip.dll
Event: 0.212 Loaded shared library C:\Users\shrey\.p2\pool\plugins\org.eclipse.justj.openjdk.hotspot.jre.full.win32.x86_64_23.0.1.v20241024-1700\jre\bin\instrument.dll
Event: 0.217 Loaded shared library C:\Users\shrey\.p2\pool\plugins\org.eclipse.justj.openjdk.hotspot.jre.full.win32.x86_64_23.0.1.v20241024-1700\jre\bin\net.dll
Event: 0.218 Loaded shared library C:\Users\shrey\.p2\pool\plugins\org.eclipse.justj.openjdk.hotspot.jre.full.win32.x86_64_23.0.1.v20241024-1700\jre\bin\nio.dll
Event: 0.220 Loaded shared library C:\Users\shrey\.p2\pool\plugins\org.eclipse.justj.openjdk.hotspot.jre.full.win32.x86_64_23.0.1.v20241024-1700\jre\bin\zip.dll
Event: 0.369 Loaded shared library C:\Users\shrey\.p2\pool\plugins\org.eclipse.justj.openjdk.hotspot.jre.full.win32.x86_64_23.0.1.v20241024-1700\jre\bin\jimage.dll
Event: 0.415 Loaded shared library C:\Users\shrey\.p2\pool\plugins\org.eclipse.justj.openjdk.hotspot.jre.full.win32.x86_64_23.0.1.v20241024-1700\jre\bin\verify.dll
Event: 0.821 Loaded shared library C:\Users\shrey\.p2\pool\plugins\org.eclipse.justj.openjdk.hotspot.jre.full.win32.x86_64_23.0.1.v20241024-1700\jre\bin\management.dll
Event: 0.823 Loaded shared library C:\Users\shrey\.p2\pool\plugins\org.eclipse.justj.openjdk.hotspot.jre.full.win32.x86_64_23.0.1.v20241024-1700\jre\bin\management_ext.dll
Event: 2.017 Loaded shared library C:\Users\shrey\.p2\pool\plugins\org.eclipse.justj.openjdk.hotspot.jre.full.win32.x86_64_23.0.1.v20241024-1700\jre\bin\sunmscapi.dll
Event: 6.001 Loaded shared library C:\Users\shrey\.p2\pool\plugins\org.eclipse.justj.openjdk.hotspot.jre.full.win32.x86_64_23.0.1.v20241024-1700\jre\bin\extnet.dll

Deoptimization events (20 events):
Event: 19837.283 Thread 0x00000225a178a600 DEOPT PACKING pc=0x0000022545d62274 sp=0x000000b401df8ef0
Event: 19837.283 Thread 0x00000225a178a600 DEOPT UNPACKING pc=0x0000022545294402 sp=0x000000b401df8ed8 mode 2
Event: 19837.283 Thread 0x00000225a178a600 DEOPT PACKING pc=0x000002253ec74d64 sp=0x000000b401df8f90
Event: 19837.283 Thread 0x00000225a178a600 DEOPT UNPACKING pc=0x0000022545294b22 sp=0x000000b401df8460 mode 1
Event: 19837.283 Thread 0x00000225a178a600 Uncommon trap: trap_request=0xffffff97 fr.pc=0x0000022545d62274 relative=0x00000000000005f4
Event: 19837.283 Thread 0x00000225a178a600 Uncommon trap: reason=unhandled action=none pc=0x0000022545d62274 method=java.lang.Class.getMethod(Ljava/lang/String;[Ljava/lang/Class;)Ljava/lang/reflect/Method; @ 49 c2
Event: 19837.283 Thread 0x00000225a178a600 DEOPT PACKING pc=0x0000022545d62274 sp=0x000000b401df8ee0
Event: 19837.283 Thread 0x00000225a178a600 DEOPT UNPACKING pc=0x0000022545294402 sp=0x000000b401df8ee0 mode 2
Event: 19837.287 Thread 0x00000225a178a600 Uncommon trap: trap_request=0xffffff97 fr.pc=0x0000022545d62274 relative=0x00000000000005f4
Event: 19837.287 Thread 0x00000225a178a600 Uncommon trap: reason=unhandled action=none pc=0x0000022545d62274 method=java.lang.Class.getMethod(Ljava/lang/String;[Ljava/lang/Class;)Ljava/lang/reflect/Method; @ 49 c2
Event: 19837.287 Thread 0x00000225a178a600 DEOPT PACKING pc=0x0000022545d62274 sp=0x000000b401dfbd60
Event: 19837.287 Thread 0x00000225a178a600 DEOPT UNPACKING pc=0x0000022545294402 sp=0x000000b401dfbd48 mode 2
Event: 19837.287 Thread 0x00000225a178a600 DEOPT PACKING pc=0x000002253ec74d64 sp=0x000000b401dfbe00
Event: 19837.287 Thread 0x00000225a178a600 DEOPT UNPACKING pc=0x0000022545294b22 sp=0x000000b401dfb2d0 mode 1
Event: 19837.287 Thread 0x00000225a178a600 Uncommon trap: trap_request=0xffffff97 fr.pc=0x0000022545d62274 relative=0x00000000000005f4
Event: 19837.288 Thread 0x00000225a178a600 Uncommon trap: reason=unhandled action=none pc=0x0000022545d62274 method=java.lang.Class.getMethod(Ljava/lang/String;[Ljava/lang/Class;)Ljava/lang/reflect/Method; @ 49 c2
Event: 19837.288 Thread 0x00000225a178a600 DEOPT PACKING pc=0x0000022545d62274 sp=0x000000b401dfbd50
Event: 19837.288 Thread 0x00000225a178a600 DEOPT UNPACKING pc=0x0000022545294402 sp=0x000000b401dfbd50 mode 2
Event: 19868.882 Thread 0x00000225a178a600 DEOPT PACKING pc=0x0000022545fd1f8c sp=0x000000b401dfccc0
Event: 19868.882 Thread 0x00000225a178a600 DEOPT UNPACKING pc=0x0000022545294b22 sp=0x000000b401dfc128 mode 0

Classes loaded (20 events):
Event: 2266.517 Loading class java/io/ObjectStreamClass$3
Event: 2266.517 Loading class java/io/ObjectStreamClass$3 done
Event: 2266.517 Loading class java/io/ObjectStreamClass$4
Event: 2266.518 Loading class java/io/ObjectStreamClass$4 done
Event: 2266.518 Loading class java/io/ObjectStreamClass$5
Event: 2266.518 Loading class java/io/ObjectStreamClass$5 done
Event: 2414.885 Loading class java/lang/classfile/MethodModel
Event: 2414.885 Loading class java/lang/classfile/CompoundElement
Event: 2414.885 Loading class java/lang/classfile/CompoundElement done
Event: 2414.885 Loading class java/lang/classfile/AttributedElement
Event: 2414.885 Loading class java/lang/classfile/AttributedElement done
Event: 2414.885 Loading class java/lang/classfile/MethodModel done
Event: 2414.933 Loading class java/lang/classfile/FieldModel
Event: 2414.934 Loading class java/lang/classfile/FieldModel done
Event: 2757.809 Loading class java/lang/classfile/CodeModel
Event: 2757.809 Loading class java/lang/classfile/CodeModel done
Event: 11370.783 Loading class java/time/DurationEditor
Event: 11370.783 Loading class java/time/DurationEditor done
Event: 13167.518 Loading class jdk/internal/access/JavaAWTAccess
Event: 13167.519 Loading class jdk/internal/access/JavaAWTAccess done

Classes unloaded (20 events):
Event: 18755.372 Thread 0x0000022555194260 Unloading class 0x0000022557c4c000 'jdk/proxy71/$Proxy270'
Event: 18771.484 Thread 0x0000022555194260 Unloading class 0x0000022557c7c350 'org/apache/catalina/loader/JdbcLeakPrevention'
Event: 18771.484 Thread 0x0000022555194260 Unloading class 0x0000022557c7c000 'jdk/proxy83/$Proxy294'
Event: 18859.662 Thread 0x0000022555194260 Unloading class 0x0000022557c84350 'org/apache/catalina/loader/JdbcLeakPrevention'
Event: 18859.662 Thread 0x0000022555194260 Unloading class 0x0000022557c84000 'jdk/proxy85/$Proxy298'
Event: 19396.867 Thread 0x0000022555194260 Unloading class 0x000002255736a400 'java/lang/invoke/LambdaForm$MH+0x000002255736a400'
Event: 19717.551 Thread 0x0000022555194260 Unloading class 0x0000022557911000 'java/lang/invoke/LambdaForm$MH+0x0000022557911000'
Event: 19805.695 Thread 0x0000022555194260 Unloading class 0x0000022557728800 'java/lang/invoke/LambdaForm$MH+0x0000022557728800'
Event: 19805.695 Thread 0x0000022555194260 Unloading class 0x00000225575ec800 'java/lang/invoke/LambdaForm$MH+0x00000225575ec800'
Event: 19805.695 Thread 0x0000022555194260 Unloading class 0x00000225575e4400 'java/lang/invoke/LambdaForm$MH+0x00000225575e4400'
Event: 19805.695 Thread 0x0000022555194260 Unloading class 0x00000225574ad800 'java/lang/invoke/LambdaForm$MH+0x00000225574ad800'
Event: 19805.695 Thread 0x0000022555194260 Unloading class 0x000002255748d800 'java/lang/invoke/LambdaForm$MH+0x000002255748d800'
Event: 19805.695 Thread 0x0000022555194260 Unloading class 0x0000022557485400 'java/lang/invoke/LambdaForm$MH+0x0000022557485400'
Event: 19805.695 Thread 0x0000022555194260 Unloading class 0x0000022557369400 'java/lang/invoke/LambdaForm$MH+0x0000022557369400'
Event: 19805.695 Thread 0x0000022555194260 Unloading class 0x0000022557368000 'java/lang/invoke/LambdaForm$MH+0x0000022557368000'
Event: 19836.576 Thread 0x0000022555194260 Unloading class 0x0000022557354400 'java/lang/invoke/LambdaForm$DMH+0x0000022557354400'
Event: 19836.576 Thread 0x0000022555194260 Unloading class 0x0000022557c0c000 'java/lang/invoke/LambdaForm$DMH+0x0000022557c0c000'
Event: 19836.576 Thread 0x0000022555194260 Unloading class 0x0000022557b28c00 'java/lang/invoke/LambdaForm$MH+0x0000022557b28c00'
Event: 19836.576 Thread 0x0000022555194260 Unloading class 0x0000022557b28800 'java/lang/invoke/LambdaForm$DMH+0x0000022557b28800'
Event: 19836.576 Thread 0x0000022555194260 Unloading class 0x0000022557b20000 'java/lang/invoke/LambdaForm$MH+0x0000022557b20000'

Classes redefined (20 events):
Event: 15950.366 Thread 0x0000022555194260 redefined class name=com.efive.formMaster.config.SecurityConfiguration, count=3
Event: 15950.366 Thread 0x0000022555194260 redefined class name=com.efive.formMaster.config.SecurityConfiguration, count=3
Event: 15950.366 Thread 0x0000022555194260 redefined class name=com.efive.formMaster.config.SecurityConfiguration, count=3
Event: 15950.366 Thread 0x0000022555194260 redefined class name=com.efive.formMaster.config.SecurityConfiguration, count=3
Event: 15950.366 Thread 0x0000022555194260 redefined class name=com.efive.formMaster.config.SecurityConfiguration, count=3
Event: 15950.366 Thread 0x0000022555194260 redefined class name=com.efive.formMaster.config.SecurityConfiguration, count=3
Event: 15950.366 Thread 0x0000022555194260 redefined class name=com.efive.formMaster.config.SecurityConfiguration, count=3
Event: 15950.366 Thread 0x0000022555194260 redefined class name=com.efive.formMaster.config.SecurityConfiguration, count=3
Event: 15950.366 Thread 0x0000022555194260 redefined class name=com.efive.formMaster.config.SecurityConfiguration, count=3
Event: 15950.366 Thread 0x0000022555194260 redefined class name=com.efive.formMaster.config.SecurityConfiguration, count=3
Event: 15950.366 Thread 0x0000022555194260 redefined class name=com.efive.formMaster.config.SecurityConfiguration, count=3
Event: 15950.366 Thread 0x0000022555194260 redefined class name=com.efive.formMaster.config.SecurityConfiguration, count=3
Event: 15950.366 Thread 0x0000022555194260 redefined class name=com.efive.formMaster.config.SecurityConfiguration, count=3
Event: 15950.366 Thread 0x0000022555194260 redefined class name=com.efive.formMaster.config.SecurityConfiguration, count=3
Event: 15950.366 Thread 0x0000022555194260 redefined class name=com.efive.formMaster.config.SecurityConfiguration, count=3
Event: 15950.366 Thread 0x0000022555194260 redefined class name=com.efive.formMaster.config.SecurityConfiguration, count=3
Event: 15950.366 Thread 0x0000022555194260 redefined class name=com.efive.formMaster.config.SecurityConfiguration, count=3
Event: 15950.366 Thread 0x0000022555194260 redefined class name=com.efive.formMaster.config.SecurityConfiguration, count=3
Event: 15950.366 Thread 0x0000022555194260 redefined class name=com.efive.formMaster.config.SecurityConfiguration, count=3
Event: 15950.366 Thread 0x0000022555194260 redefined class name=com.efive.formMaster.config.SecurityConfiguration, count=2

Internal exceptions (20 events):
Event: 19639.389 Thread 0x00000225a4a6d030 Exception <a 'java/lang/NoClassDefFoundError'{0x00000007109e22a8}: liquibase/integration/spring/SpringLiquibase> (0x00000007109e22a8) 
thrown [s\src\hotspot\share\oops\constantPool.cpp, line 867]
Event: 19639.395 Thread 0x00000225a4a6d030 Exception <a 'java/lang/NoClassDefFoundError'{0x0000000710602880}: org/springframework/batch/core/repository/JobRepository> (0x0000000710602880) 
thrown [s\src\hotspot\share\oops\constantPool.cpp, line 867]
Event: 19639.397 Thread 0x00000225a4a6d030 Exception <a 'java/lang/NoClassDefFoundError'{0x0000000710602ed8}: org/quartz/Scheduler> (0x0000000710602ed8) 
thrown [s\src\hotspot\share\oops\constantPool.cpp, line 867]
Event: 19639.398 Thread 0x00000225a4a6d030 Exception <a 'java/lang/NoClassDefFoundError'{0x0000000710603558}: org/springframework/session/jdbc/JdbcIndexedSessionRepository> (0x0000000710603558) 
thrown [s\src\hotspot\share\oops\constantPool.cpp, line 867]
Event: 19639.403 Thread 0x00000225a4a6d030 Exception <a 'java/lang/NoClassDefFoundError'{0x00000007106b6e10}: org/jooq/DSLContext> (0x00000007106b6e10) 
thrown [s\src\hotspot\share\oops\constantPool.cpp, line 867]
Event: 19639.502 Thread 0x00000225a4a6d030 Exception <a 'java/io/FileNotFoundException'{0x000000070fc65fc0}> (0x000000070fc65fc0) 
thrown [s\src\hotspot\share\prims\jni.cpp, line 520]
Event: 19640.140 Thread 0x00000225a4a6d030 Exception <a 'java/io/FileNotFoundException'{0x0000000710e70f00}> (0x0000000710e70f00) 
thrown [s\src\hotspot\share\prims\jni.cpp, line 520]
Event: 19640.177 Thread 0x00000225a4a6d030 Exception <a 'java/lang/NoClassDefFoundError'{0x0000000710fb1df8}: org/springframework/mail/javamail/JavaMailSender> (0x0000000710fb1df8) 
thrown [s\src\hotspot\share\classfile\systemDictionary.cpp, line 302]
Event: 19640.277 Thread 0x00000225a4a70b40 Exception <a 'java/lang/InterruptedException'{0x0000000710cdfb00}: sleep interrupted> (0x0000000710cdfb00) 
thrown [s\src\hotspot\share\prims\jvm.cpp, line 3093]
Event: 19640.286 Thread 0x00000225a4a6d030 Exception <a 'java/lang/NoClassDefFoundError'{0x0000000710d065b0}: jakarta/validation/ValidationException> (0x0000000710d065b0) 
thrown [s\src\hotspot\share\classfile\systemDictionary.cpp, line 302]
Event: 19640.286 Thread 0x00000225a4a6d030 Exception <a 'java/lang/NoClassDefFoundError'{0x0000000710d08018}: liquibase/exception/ChangeLogParseException> (0x0000000710d08018) 
thrown [s\src\hotspot\share\classfile\systemDictionary.cpp, line 302]
Event: 19836.333 Thread 0x00000225a178a600 Exception <a 'sun/nio/fs/WindowsException'{0x000000070f72b120}> (0x000000070f72b120) 
thrown [s\src\hotspot\share\prims\jni.cpp, line 520]
Event: 19836.717 Thread 0x00000225a178a600 Exception <a 'java/lang/NoClassDefFoundError'{0x0000000711b32b20}: org/flywaydb/core/Flyway> (0x0000000711b32b20) 
thrown [s\src\hotspot\share\oops\constantPool.cpp, line 867]
Event: 19836.718 Thread 0x00000225a178a600 Exception <a 'java/lang/NoClassDefFoundError'{0x0000000711b33180}: liquibase/integration/spring/SpringLiquibase> (0x0000000711b33180) 
thrown [s\src\hotspot\share\oops\constantPool.cpp, line 867]
Event: 19836.721 Thread 0x00000225a178a600 Exception <a 'java/lang/NoClassDefFoundError'{0x0000000711b442c0}: org/springframework/batch/core/repository/JobRepository> (0x0000000711b442c0) 
thrown [s\src\hotspot\share\oops\constantPool.cpp, line 867]
Event: 19836.722 Thread 0x00000225a178a600 Exception <a 'java/lang/NoClassDefFoundError'{0x0000000711b44918}: org/quartz/Scheduler> (0x0000000711b44918) 
thrown [s\src\hotspot\share\oops\constantPool.cpp, line 867]
Event: 19836.723 Thread 0x00000225a178a600 Exception <a 'java/lang/NoClassDefFoundError'{0x0000000711b44f98}: org/springframework/session/jdbc/JdbcIndexedSessionRepository> (0x0000000711b44f98) 
thrown [s\src\hotspot\share\oops\constantPool.cpp, line 867]
Event: 19836.726 Thread 0x00000225a178a600 Exception <a 'java/lang/NoClassDefFoundError'{0x0000000711b9af48}: org/jooq/DSLContext> (0x0000000711b9af48) 
thrown [s\src\hotspot\share\oops\constantPool.cpp, line 867]
Event: 19836.782 Thread 0x00000225a178a600 Exception <a 'java/io/FileNotFoundException'{0x00000007113018e0}> (0x00000007113018e0) 
thrown [s\src\hotspot\share\prims\jni.cpp, line 520]
Event: 19837.255 Thread 0x00000225a178a600 Exception <a 'java/io/FileNotFoundException'{0x00000007122acff8}> (0x00000007122acff8) 
thrown [s\src\hotspot\share\prims\jni.cpp, line 520]

VM Operations (20 events):
Event: 19844.546 Executing VM operation: G1PauseCleanup done
Event: 19848.596 Executing VM operation: G1CollectForAllocation (G1 Evacuation Pause)
Event: 19848.600 Executing VM operation: G1CollectForAllocation (G1 Evacuation Pause) done
Event: 19852.483 Executing VM operation: G1CollectForAllocation (G1 Evacuation Pause)
Event: 19852.486 Executing VM operation: G1CollectForAllocation (G1 Evacuation Pause) done
Event: 19856.845 Executing VM operation: G1CollectForAllocation (G1 Evacuation Pause)
Event: 19856.848 Executing VM operation: G1CollectForAllocation (G1 Evacuation Pause) done
Event: 19856.893 Executing VM operation: G1PauseRemark
Event: 19856.898 Executing VM operation: G1PauseRemark done
Event: 19856.912 Executing VM operation: G1PauseCleanup
Event: 19856.912 Executing VM operation: G1PauseCleanup done
Event: 19861.148 Executing VM operation: G1CollectForAllocation (G1 Evacuation Pause)
Event: 19861.150 Executing VM operation: G1CollectForAllocation (G1 Evacuation Pause) done
Event: 19865.446 Executing VM operation: G1CollectForAllocation (G1 Evacuation Pause)
Event: 19865.449 Executing VM operation: G1CollectForAllocation (G1 Evacuation Pause) done
Event: 19868.876 Executing VM operation: ChangeSingleStep
Event: 19868.876 Executing VM operation: ChangeSingleStep done
Event: 19868.883 Executing VM operation: ChangeSingleStep
Event: 19868.883 Executing VM operation: ChangeSingleStep done
Event: 19869.408 Executing VM operation: G1CollectForAllocation (G1 Evacuation Pause)

Memory protections (0 events):
No events

Nmethod flushes (20 events):
Event: 19856.897 Thread 0x0000022555194260 flushing  nmethod 0x000002253efd2308
Event: 19856.897 Thread 0x0000022555194260 flushing  nmethod 0x000002253e04b808
Event: 19856.897 Thread 0x0000022555194260 flushing  nmethod 0x000002253e080e88
Event: 19856.897 Thread 0x0000022555194260 flushing  nmethod 0x000002253e0ea888
Event: 19856.897 Thread 0x0000022555194260 flushing  nmethod 0x000002253e170688
Event: 19856.897 Thread 0x0000022555194260 flushing  nmethod 0x000002253eba7708
Event: 19856.897 Thread 0x0000022555194260 flushing  nmethod 0x000002253eba7a08
Event: 19856.897 Thread 0x0000022555194260 flushing  nmethod 0x000002253ec08a88
Event: 19856.897 Thread 0x0000022555194260 flushing  nmethod 0x000002253ec09988
Event: 19856.897 Thread 0x0000022555194260 flushing  nmethod 0x000002253ed09c08
Event: 19856.897 Thread 0x0000022555194260 flushing  nmethod 0x000002253e03ec88
Event: 19856.897 Thread 0x0000022555194260 flushing  nmethod 0x000002253eba9f88
Event: 19856.897 Thread 0x0000022555194260 flushing  nmethod 0x000002253ebaaf08
Event: 19856.897 Thread 0x0000022555194260 flushing  nmethod 0x000002253ebabc08
Event: 19856.897 Thread 0x0000022555194260 flushing  nmethod 0x000002253ebac008
Event: 19856.897 Thread 0x0000022555194260 flushing  nmethod 0x000002253ebac308
Event: 19856.897 Thread 0x0000022555194260 flushing  nmethod 0x000002253ebb1308
Event: 19856.897 Thread 0x0000022555194260 flushing  nmethod 0x000002253edd7b88
Event: 19856.897 Thread 0x0000022555194260 flushing  nmethod 0x000002253ed46988
Event: 19856.897 Thread 0x0000022555194260 flushing  nmethod 0x000002253ed46d08

Events (20 events):
Event: 19836.954 Thread 0x00000225a178a600 Thread added: 0x00000225a1790f00
Event: 19836.956 Thread 0x00000225a178a600 Thread added: 0x00000225a1789f70
Event: 19836.979 Thread 0x00000225551cba80 Thread added: 0x00000225a04f75e0
Event: 19837.054 Thread 0x00000225a04f75e0 Thread added: 0x00000225a04f7cb0
Event: 19837.062 Thread 0x00000225a1789f70 Thread added: 0x00000225a6138db0
Event: 19837.155 Thread 0x00000225551cba80 Thread added: 0x00000225a04f4630
Event: 19837.256 Thread 0x00000225a178a600 Thread added: 0x00000225a6133ef0
Event: 19837.256 Thread 0x00000225a178a600 Thread added: 0x00000225a6139ad0
Event: 19837.257 Thread 0x00000225a178a600 Thread added: 0x00000225a6137a00
Event: 19837.785 Thread 0x00000225a04f4630 Thread exited: 0x00000225a04f4630
Event: 19837.785 Thread 0x00000225a04f7cb0 Thread exited: 0x00000225a04f7cb0
Event: 19837.971 Thread 0x00000225a04f31c0 Thread exited: 0x00000225a04f31c0
Event: 19837.971 Thread 0x00000225a04f2420 Thread exited: 0x00000225a04f2420
Event: 19837.971 Thread 0x00000225a04f8a50 Thread exited: 0x00000225a04f8a50
Event: 19842.975 Thread 0x00000225a04f75e0 Thread exited: 0x00000225a04f75e0
Event: 19842.975 Thread 0x000002259fbd1eb0 Thread exited: 0x000002259fbd1eb0
Event: 19842.975 Thread 0x000002259fbd0a40 Thread exited: 0x000002259fbd0a40
Event: 19842.975 Thread 0x000002259fbd40c0 Thread exited: 0x000002259fbd40c0
Event: 19843.053 Thread 0x00000225a6138db0 Thread exited: 0x00000225a6138db0
Event: 19848.054 Thread 0x000002259fbd39f0 Thread exited: 0x000002259fbd39f0


Dynamic libraries:
0x00007ff684060000 - 0x00007ff68406e000 	C:\Users\shrey\.p2\pool\plugins\org.eclipse.justj.openjdk.hotspot.jre.full.win32.x86_64_23.0.1.v20241024-1700\jre\bin\javaw.exe
0x00007ffd1d710000 - 0x00007ffd1d927000 	C:\Windows\SYSTEM32\ntdll.dll
0x00007ffd1ba80000 - 0x00007ffd1bb44000 	C:\Windows\System32\KERNEL32.DLL
0x00007ffd1ae10000 - 0x00007ffd1b1e0000 	C:\Windows\System32\KERNELBASE.dll
0x00007ffd1ac00000 - 0x00007ffd1ad11000 	C:\Windows\System32\ucrtbase.dll
0x00007ffd0c270000 - 0x00007ffd0c287000 	C:\Users\shrey\.p2\pool\plugins\org.eclipse.justj.openjdk.hotspot.jre.full.win32.x86_64_23.0.1.v20241024-1700\jre\bin\jli.dll
0x00007ffd0a8c0000 - 0x00007ffd0a8de000 	C:\Users\shrey\.p2\pool\plugins\org.eclipse.justj.openjdk.hotspot.jre.full.win32.x86_64_23.0.1.v20241024-1700\jre\bin\VCRUNTIME140.dll
0x00007ffd1d450000 - 0x00007ffd1d5fe000 	C:\Windows\System32\USER32.dll
0x00007ffd1a9c0000 - 0x00007ffd1a9e6000 	C:\Windows\System32\win32u.dll
0x00007ffd1c850000 - 0x00007ffd1c879000 	C:\Windows\System32\GDI32.dll
0x00007ffd1b2e0000 - 0x00007ffd1b3fb000 	C:\Windows\System32\gdi32full.dll
0x00007ffd19ce0000 - 0x00007ffd19f72000 	C:\Windows\WinSxS\amd64_microsoft.windows.common-controls_6595b64144ccf1df_6.0.22621.4830_none_270fe7d773858e80\COMCTL32.dll
0x00007ffd1a9f0000 - 0x00007ffd1aa8a000 	C:\Windows\System32\msvcp_win.dll
0x00007ffd1bf30000 - 0x00007ffd1bfd7000 	C:\Windows\System32\msvcrt.dll
0x00007ffd1c990000 - 0x00007ffd1c9c1000 	C:\Windows\System32\IMM32.DLL
0x00007ffd153e0000 - 0x00007ffd153ec000 	C:\Users\shrey\.p2\pool\plugins\org.eclipse.justj.openjdk.hotspot.jre.full.win32.x86_64_23.0.1.v20241024-1700\jre\bin\vcruntime140_1.dll
0x00007ffd0a450000 - 0x00007ffd0a4dd000 	C:\Users\shrey\.p2\pool\plugins\org.eclipse.justj.openjdk.hotspot.jre.full.win32.x86_64_23.0.1.v20241024-1700\jre\bin\msvcp140.dll
0x00007ffc9f700000 - 0x00007ffca04cd000 	C:\Users\shrey\.p2\pool\plugins\org.eclipse.justj.openjdk.hotspot.jre.full.win32.x86_64_23.0.1.v20241024-1700\jre\bin\server\jvm.dll
0x00007ffd1cab0000 - 0x00007ffd1cb61000 	C:\Windows\System32\ADVAPI32.dll
0x00007ffd1d600000 - 0x00007ffd1d6a7000 	C:\Windows\System32\sechost.dll
0x00007ffd1ad20000 - 0x00007ffd1ad48000 	C:\Windows\System32\bcrypt.dll
0x00007ffd1bff0000 - 0x00007ffd1c104000 	C:\Windows\System32\RPCRT4.dll
0x00007ffd1b400000 - 0x00007ffd1b471000 	C:\Windows\System32\WS2_32.dll
0x00007ffd1a6e0000 - 0x00007ffd1a72d000 	C:\Windows\SYSTEM32\POWRPROF.dll
0x00007ffd127a0000 - 0x00007ffd127d4000 	C:\Windows\SYSTEM32\WINMM.dll
0x00007ffd191d0000 - 0x00007ffd191da000 	C:\Windows\SYSTEM32\VERSION.dll
0x00007ffd1a6c0000 - 0x00007ffd1a6d3000 	C:\Windows\SYSTEM32\UMPDC.dll
0x00007ffd18a20000 - 0x00007ffd18a38000 	C:\Windows\SYSTEM32\kernel.appcore.dll
0x00007ffd107f0000 - 0x00007ffd107fa000 	C:\Users\shrey\.p2\pool\plugins\org.eclipse.justj.openjdk.hotspot.jre.full.win32.x86_64_23.0.1.v20241024-1700\jre\bin\jimage.dll
0x00007ffd1a2a0000 - 0x00007ffd1a4d2000 	C:\Windows\SYSTEM32\DBGHELP.DLL
0x00007ffd1c350000 - 0x00007ffd1c6e0000 	C:\Windows\System32\combase.dll
0x00007ffd1c9d0000 - 0x00007ffd1caa7000 	C:\Windows\System32\OLEAUT32.dll
0x00007ffd1a120000 - 0x00007ffd1a152000 	C:\Windows\SYSTEM32\dbgcore.DLL
0x00007ffd1b260000 - 0x00007ffd1b2db000 	C:\Windows\System32\bcryptPrimitives.dll
0x00007ffd0a800000 - 0x00007ffd0a83c000 	C:\Users\shrey\.p2\pool\plugins\org.eclipse.justj.openjdk.hotspot.jre.full.win32.x86_64_23.0.1.v20241024-1700\jre\bin\jdwp.dll
0x00007ffd14960000 - 0x00007ffd1496f000 	C:\Users\shrey\.p2\pool\plugins\org.eclipse.justj.openjdk.hotspot.jre.full.win32.x86_64_23.0.1.v20241024-1700\jre\bin\instrument.dll
0x00007ffd107d0000 - 0x00007ffd107ee000 	C:\Users\shrey\.p2\pool\plugins\org.eclipse.justj.openjdk.hotspot.jre.full.win32.x86_64_23.0.1.v20241024-1700\jre\bin\java.dll
0x00007ffd1bbc0000 - 0x00007ffd1bd61000 	C:\Windows\System32\ole32.dll
0x00007ffd1cbd0000 - 0x00007ffd1d448000 	C:\Windows\System32\SHELL32.dll
0x00007ffd17990000 - 0x00007ffd182a0000 	C:\Windows\SYSTEM32\windows.storage.dll
0x00007ffd17850000 - 0x00007ffd1798f000 	C:\Windows\SYSTEM32\wintypes.dll
0x00007ffd1b970000 - 0x00007ffd1ba7a000 	C:\Windows\System32\SHCORE.dll
0x00007ffd1cb70000 - 0x00007ffd1cbce000 	C:\Windows\System32\shlwapi.dll
0x00007ffd1a8f0000 - 0x00007ffd1a91b000 	C:\Windows\SYSTEM32\profapi.dll
0x00007ffd09490000 - 0x00007ffd094a7000 	C:\Users\shrey\.p2\pool\plugins\org.eclipse.justj.openjdk.hotspot.jre.full.win32.x86_64_23.0.1.v20241024-1700\jre\bin\zip.dll
0x00007ffd0c230000 - 0x00007ffd0c23c000 	C:\Users\shrey\.p2\pool\plugins\org.eclipse.justj.openjdk.hotspot.jre.full.win32.x86_64_23.0.1.v20241024-1700\jre\bin\dt_socket.dll
0x00007ffd18500000 - 0x00007ffd1852d000 	C:\Windows\SYSTEM32\IPHLPAPI.DLL
0x00007ffd18e60000 - 0x00007ffd18eca000 	C:\Windows\system32\mswsock.dll
0x00007ffd18570000 - 0x00007ffd18672000 	C:\Windows\SYSTEM32\DNSAPI.dll
0x00007ffd1c6e0000 - 0x00007ffd1c6e9000 	C:\Windows\System32\NSI.dll
0x00007ffd0a680000 - 0x00007ffd0a68a000 	C:\Windows\System32\rasadhlp.dll
0x00007ffd10ca0000 - 0x00007ffd10d23000 	C:\Windows\System32\fwpuclnt.dll
0x00007ffd0c250000 - 0x00007ffd0c260000 	C:\Users\shrey\.p2\pool\plugins\org.eclipse.justj.openjdk.hotspot.jre.full.win32.x86_64_23.0.1.v20241024-1700\jre\bin\net.dll
0x00007ffd02480000 - 0x00007ffd02496000 	C:\Users\shrey\.p2\pool\plugins\org.eclipse.justj.openjdk.hotspot.jre.full.win32.x86_64_23.0.1.v20241024-1700\jre\bin\nio.dll
0x00007ffd107b0000 - 0x00007ffd107c0000 	C:\Users\shrey\.p2\pool\plugins\org.eclipse.justj.openjdk.hotspot.jre.full.win32.x86_64_23.0.1.v20241024-1700\jre\bin\verify.dll
0x00007ffd0a8b0000 - 0x00007ffd0a8ba000 	C:\Users\shrey\.p2\pool\plugins\org.eclipse.justj.openjdk.hotspot.jre.full.win32.x86_64_23.0.1.v20241024-1700\jre\bin\management.dll
0x00007ffd0a860000 - 0x00007ffd0a86b000 	C:\Users\shrey\.p2\pool\plugins\org.eclipse.justj.openjdk.hotspot.jre.full.win32.x86_64_23.0.1.v20241024-1700\jre\bin\management_ext.dll
0x00007ffd1bfe0000 - 0x00007ffd1bfe8000 	C:\Windows\System32\PSAPI.DLL
0x00007ffd10820000 - 0x00007ffd1082e000 	C:\Users\shrey\.p2\pool\plugins\org.eclipse.justj.openjdk.hotspot.jre.full.win32.x86_64_23.0.1.v20241024-1700\jre\bin\sunmscapi.dll
0x00007ffd1aa90000 - 0x00007ffd1abf6000 	C:\Windows\System32\CRYPT32.dll
0x00007ffd19ad0000 - 0x00007ffd19afd000 	C:\Windows\SYSTEM32\ncrypt.dll
0x00007ffd199f0000 - 0x00007ffd19a27000 	C:\Windows\SYSTEM32\NTASN1.dll
0x00007ffd1a5e0000 - 0x00007ffd1a5fb000 	C:\Windows\SYSTEM32\CRYPTSP.dll
0x00007ffd189e0000 - 0x00007ffd18a15000 	C:\Windows\system32\rsaenh.dll
0x00007ffd18f00000 - 0x00007ffd18f28000 	C:\Windows\SYSTEM32\USERENV.dll
0x00007ffd19190000 - 0x00007ffd1919c000 	C:\Windows\SYSTEM32\CRYPTBASE.dll
0x00007ffcf6180000 - 0x00007ffcf6189000 	C:\Users\shrey\.p2\pool\plugins\org.eclipse.justj.openjdk.hotspot.jre.full.win32.x86_64_23.0.1.v20241024-1700\jre\bin\extnet.dll
0x00007ffcfb3f0000 - 0x00007ffcfb3f8000 	C:\Windows\system32\wshunix.dll

dbghelp: loaded successfully - version: 4.0.5 - missing functions: none
symbol engine: initialized successfully - sym options: 0x614 - pdb path: .;C:\Users\shrey\.p2\pool\plugins\org.eclipse.justj.openjdk.hotspot.jre.full.win32.x86_64_23.0.1.v20241024-1700\jre\bin;C:\Windows\SYSTEM32;C:\Windows\WinSxS\amd64_microsoft.windows.common-controls_6595b64144ccf1df_6.0.22621.4830_none_270fe7d773858e80;C:\Users\shrey\.p2\pool\plugins\org.eclipse.justj.openjdk.hotspot.jre.full.win32.x86_64_23.0.1.v20241024-1700\jre\bin\server

VM Arguments:
jvm_args: -XX:+ShowCodeDetailsInExceptionMessages -agentlib:jdwp=transport=dt_socket,suspend=y,address=localhost:65527 -javaagent:C:\Users\shrey\eclipse\java-2024-12\eclipse\configuration\org.eclipse.osgi\252\0\.cp\lib\javaagent-shaded.jar -Dfile.encoding=UTF-8 -Dstdout.encoding=UTF-8 -Dstderr.encoding=UTF-8 
java_command: com.efive.formMaster.FormMasterApplication
java_class_path (initial): D:\formMaster\bin\main;C:\Users\shrey\.gradle\caches\modules-2\files-2.1\org.springframework.boot\spring-boot-starter-data-jpa\3.4.2\b65a304b493807dff48bf114135dc4aa5f267927\spring-boot-starter-data-jpa-3.4.2.jar;C:\Users\shrey\.gradle\caches\modules-2\files-2.1\org.springframework.boot\spring-boot-starter-security\3.4.2\b3102ed745b5e71f61bb5174c6a12275f0154dbb\spring-boot-starter-security-3.4.2.jar;C:\Users\shrey\.gradle\caches\modules-2\files-2.1\org.springframework.boot\spring-boot-starter-web\3.4.2\cf1c8efe77dccf221acf5f0ce9cc24c718c0ca44\spring-boot-starter-web-3.4.2.jar;C:\Users\shrey\.gradle\caches\modules-2\files-2.1\org.apache.tomcat.embed\tomcat-embed-jasper\10.1.34\59932dbd7b448f6950313cca010c633f932b63f9\tomcat-embed-jasper-10.1.34.jar;C:\Users\shrey\.gradle\caches\modules-2\files-2.1\io.jsonwebtoken\jjwt-impl\0.11.5\40a599f0e8a8e4e0701596fbb15e67bfda64fdf0\jjwt-impl-0.11.5.jar;C:\Users\shrey\.gradle\caches\modules-2\files-2.1\io.jsonwebtoken\jjwt-jackson\0.11.5\3b83a06809e98a69402d7333dcf67df6f6ea4579\jjwt-jackson-0.11.5.jar;C:\Users\shrey\.gradle\caches\modules-2\files-2.1\io.jsonwebtoken\jjwt-api\0.11.5\f742940045619d06383e7df37b21ac422b476cf1\jjwt-api-0.11.5.jar;C:\Users\shrey\.gradle\caches\modules-2\files-2.1\javax.servlet\jstl\1.2\74aca283cd4f4b4f3e425f5820cda58f44409547\jstl-1.2.jar;C:\Users\shrey\.gradle\caches\modules-2\files-2.1\javax.servlet\javax.servlet-api\4.0.1\a27082684a2ff0bf397666c3943496c44541d1ca\javax.servlet-api-4.0.1.jar;C:\Users\shrey\.gradle\caches\modules-2\files-2.1\org.springframework.boot\spring-boot-starter-jdbc\3.4.2\a3698cab03ba6daaaa38c16df1b36c862e9e3e4b\spring-boot-starter-jdbc-3.4.2.jar;C:\Users\shrey\.gradle\caches\modules-2\files-2.1\org.springframework.boot\spring-boot-starter-json\3.4.2\e413d51228ddaf6a9644533987faa0ae6e18fe47\spring-boot-starter-json-3.4.2.jar;C:\Users\shrey\.gradle\caches\modules-2\files-2.1\org.springframework.boot\spring-boot-starter\3.4.2\9d914208449fce99a67d3def60957cdcc98b552a\spring-boot-starter-3.4.2.jar;C:\Users\shrey\.gradle\caches\modules-2\files-2.1\org.hibernate.orm\hibernate-core\6.6.5.Final\c81deca40ebdb823d9f8a9e5dc5798a6a205626a\hibernate-core-6.6.5.Final.jar;C:\Users\shrey\.gradle\caches\modules-2\files-2.1\org.springframework.data\spring-data-jpa\3.4.2\4213f2d185b49447057823f5ef9de41e931f4f2e\spring-data-jpa-3.4.2.jar;C:\Users\shrey\.gradle\caches\modules-2\files-2.1\org.springframework\spring-aspects\6.2.2\e9e0379bc353e43ab1cb326f413bb293d8a52e78\spring-aspects-6.2.2.jar;C:\Users\shrey\.gradle\caches\modules-2\files-2.1\org.springframework.security\spring-security-config\6.4.2\5ed985329eb14b1c61045160c8dcbbcab179ddd3\spring-security-config-6.4.2.jar;C:\Users\shrey\.gradle\caches\modules-2\files-2.1\org.springframework.security\spring-security-web\6.4.2\733a3bbbdca56225676fb7f4e3f317c2075fc383\spring-security-web-6.4.2.jar;C:\Users\shrey\.gradle\caches\modules-2\files-2.1\org.springframework\spring-webmvc\6.2.2\9b1aeb179ba9667bc78a4a5cec4ec8087db404d7\spring-webmvc-6.2.2.jar;C:\Users\shrey\.gradle\caches\modules-2\files-2.1\org.springframework.boot\spring-boot-autoconfigure\3.4.2\c50511dba751ffe7df320d27c6875feb2745654e\spring-boot-autoconfigure-3.4.2.jar;C:\Users\shrey\.gradle\caches\modules-2\files-2.1\org.springframework.boot\spring-boot\3.4.2\b2514201ba6b838bd638a51619515501c5baefea\spring-boot-3.4.2.jar;C:\Users\shrey\.gradle\caches\modules-2\files-2.1\org.springframework.security\spring-security-core\6.4.2\51302b2af3f01eb79fdc7164a4cc3a3aa7e3b541\spring-security-core-6.4.2.jar;C:\Users\shrey\.gradle\caches\modules-2\files-2.1\org.springframework\spring-context\6.2.2\aa01a7faa3694983339ca7e45619860ef34052d6\spring-context-6.2.2.jar;C:\Users\shrey\.gradle\caches\modules-2\files-2.1\org.springframework\spring-aop\6.2.2\2a1a445d4cd8e5fe2311df04fc25c0bc54bd2ce4\spring-aop-6.2.2.jar;C:\Users\shrey\.gradle\caches\modules-2\files-2.1\org.springframework.boot\spring-boot-starter-tomcat\3.4.2\aa345bdd83adc80db5bc6ac4a711460396ad17ef\spring-boot-starter-tomcat-3.4.2.jar;C:\Users\shrey\.gradle\caches\modules-2\files-2.1\org.springframework\spring-web\6.2.2\bd2ef98bf98b6ecf8dd29106ae27b7515524c21\spring-web-6.2.2.jar;C:\Users\shrey\.gradle\caches\modules-2\files-2.1\org.apache.tomcat.embed\tomcat-embed-websocket\10.1.34\eef6d430f34b6e393b8d9e40f10db9043732b4e5\tomcat-embed-websocket-10.1.34.jar;C:\Users\shrey\.gradle\caches\modules-2\files-2.1\org.apache.tomcat.embed\tomcat-embed-core\10.1.34\f610f84be607fbc82e393cc220f0ad45f92afc91\tomcat-embed-core-10.1.34.jar;C:\Users\shrey\.gradle\caches\modules-2\files-2.1\org.apache.tomcat.embed\tomcat-embed-el\10.1.34\d2b2daca3bc999c62e58ae36b45ba0582530fb25\tomcat-embed-el-10.1.34.jar;C:\Users\shrey\.gradle\caches\modules-2\files-2.1\org.eclipse.jdt\ecj\3.33.0\4041d27ffea3c9351e3121f9bfe94dea4723d583\ecj-3.33.0.jar;C:\Users\shrey\.gradle\caches\modules-2\files-2.1\com.fasterxml.jackson.datatype\jackson-datatype-jsr310\2.18.2\7b6ff96adf421f4c6edbd694e797dd8fe434510a\jackson-datatype-jsr310-2.18.2.jar;C:\Users\shrey\.gradle\caches\modules-2\files-2.1\com.fasterxml.jackson.module\jackson-module-parameter-names\2.18.2\72960cb3277347a748911d100c3302d60e8a616a\jackson-module-parameter-names-2.18.2.jar;C:\Users\shrey\.gradle\caches\modules-2\files-2.1\com.fasterxml.jackson.core\jackson-annotations\2.18.2\985d77751ebc7fce5db115a986bc9aa82f973f4a\jackson-annotations-2.18.2.jar;C:\Users\shrey\.gradle\caches\modules-2\files-2.1\com.fasterxml.jackson.core\jackson-core\2.18.2\fb64ccac5c27dca8819418eb4e443a9f496d9ee7\jackson-core-2.18.2.jar;C:\Users\shrey\.gradle\caches\modules-2\files-2.1\com.fasterxml.jackson.datatype\jackson-datatype-jdk8\2.18.2\9ed6d538ebcc66864e114a7040953dce6ab6ea53\jackson-datatype-jdk8-2.18.2.jar;C:\Users\shrey\.gradle\caches\modules-2\files-2.1\com.fasterxml.jackson.core\jackson-databind\2.18.2\deef8697b92141fb6caf7aa86966cff4eec9b04f\jackson-databind-2.18.2.jar;C:\Users\shrey\.gradle\caches\modules-2\files-2.1\org.springframework.boot\spring-boot-starter-logging\3.4.2\be7631ab8d3cb2a6a3c9981dcaa6d0867c964772\spring-boot-starter-logging-3.4.2.jar;C:\Users\shrey\.gradle\caches\modules-2\files-2.1\jakarta.annotation\jakarta.annotation-api\2.1.1\48b9bda22b091b1f48b13af03fe36db3be6e1ae3\jakarta.annotation-api-2.1.1.jar;C:\Users\shrey\.gradle\caches\modules-2\files-2.1\org.springframework\spring-orm\6.2.2\98d0c8e2f8f65b776b24ffa979e9802a0c7085d7\spring-orm-6.2.2.jar;C:\Users\shrey\.gradle\caches\modules-2\files-2.1\org.springframework\spring-jdbc\6.2.2\840572e748c1dfe7122e19a10888918e5ecfb631\spring-jdbc-6.2.2.jar;C:\Users\shrey\.gradle\caches\modules-2\files-2.1\org.springframework.data\spring-data-commons\3.4.2\387ff91a749cce404f7a6e4a15a3b75ff497bdbc\spring-data-commons-3.4.2.jar;C:\Users\shrey\.gradle\caches\modules-2\files-2.1\org.springframework\spring-tx\6.2.2\91a2e378d0e457b9c500f2b30aaf8a7a422ba522\spring-tx-6.2.2.jar;C:\Users\shrey\.gradle\caches\modules-2\files-2.1\org.springframework\spring-beans\6.2.2\ec8ee520ff7b147de8ac04d330848d468253f84d\spring-beans-6.2.2.jar;C:\Users\shrey\.gradle\caches\modules-2\files-2.1\org.springframework\spring-expression\6.2.2\20164dd3a70d0048185cf02bb1b097b22e73d820\spring-expression-6.2.2.jar;C:\Users\shrey\.gradle\caches\modules-2\files-2.1\org.springframework\spring-core\6.2.2\94269e888dc979e75a1a1b9600d7153d72e6a7f1\spring-core-6.2.2.jar;C:\Users\shrey\.gradle\caches\modules-2\files-2.1\org.yaml\snakeyaml\2.3\936b36210e27320f920536f695cf1af210c44586\snakeyaml-2.3.jar;C:\Users\shrey\.gradle\caches\modules-2\files-2.1\com.zaxxer\HikariCP\5.1.0\8c96e36c14461fc436bb02b264b96ef3ca5dca8c\HikariCP-5.1.0.jar;C:\Users\shrey\.gradle\caches\modules-2\files-2.1\jakarta.persistence\jakarta.persistence-api\3.1.0\66901fa1c373c6aff65c13791cc11da72060a8d6\jakarta.persistence-api-3.1.0.jar;C:\Users\shrey\.gradle\caches\modules-2\files-2.1\jakarta.transaction\jakarta.transaction-api\2.0.1\51a520e3fae406abb84e2e1148e6746ce3f80a1a\jakarta.transaction-api-2.0.1.jar;C:\Users\shrey\.gradle\caches\modules-2\files-2.1\org.antlr\antlr4-runtime\4.13.0\5a02e48521624faaf5ff4d99afc88b01686af655\antlr4-runtime-4.13.0.jar;C:\Users\shrey\.gradle\caches\modules-2\files-2.1\ch.qos.logback\logback-classic\1.5.16\113979db51dfad6dc895b34460d7b7ff64ffe7d2\logback-classic-1.5.16.jar;C:\Users\shrey\.gradle\caches\modules-2\files-2.1\org.apache.logging.log4j\log4j-to-slf4j\2.24.3\da1143e2a2531ee1c2d90baa98eb50a28a39d5a7\log4j-to-slf4j-2.24.3.jar;C:\Users\shrey\.gradle\caches\modules-2\files-2.1\org.slf4j\jul-to-slf4j\2.0.16\6d57da3e961daac65bcca0dd3def6cd11e48a24a\jul-to-slf4j-2.0.16.jar;C:\Users\shrey\.gradle\caches\modules-2\files-2.1\org.slf4j\slf4j-api\2.0.16\172931663a09a1fa515567af5fbef00897d3c04\slf4j-api-2.0.16.jar;C:\Users\shrey\.gradle\caches\modules-2\files-2.1\org.aspectj\aspectjweaver\1.9.22.1\bca243d0af0db4758fbae45c5f4995cb5dabb612\aspectjweaver-1.9.22.1.jar;C:\Users\shrey\.gradle\caches\modules-2\files-2.1\io.micrometer\micrometer-observation\1.14.3\cd66186a1fe8465dc732d9514bade1104044b56d\micrometer-observation-1.14.3.jar;C:\Users\shrey\.gradle\caches\modules-2\files-2.1\org.apache.tomcat\tomcat-annotations-api\10.1.34\b072912234e5710fd5330ae980a624fc1d364540\tomcat-annotations-api-10.1.34.jar;C:\Users\shrey\.gradle\caches\modules-2\files-2.1\org.springframework\spring-jcl\6.2.2\1fbbb0b2e85c6eac7c366c5eed5b124785f05ac8\spring-jcl-6.2.2.jar;C:\Users\shrey\.gradle\caches\modules-2\files-2.1\org.springframework.security\spring-security-crypto\6.4.2\a4d5bf27ca449200fc39e07de6ae016eb1ad21da\spring-security-crypto-6.4.2.jar;C:\Users\shrey\.gradle\caches\modules-2\files-2.1\io.micrometer\micrometer-commons\1.14.3\bf17f05dd6343d36ecc31076197a962cfdf46131\micrometer-commons-1.14.3.jar;C:\Users\shrey\.gradle\caches\modules-2\files-2.1\ch.qos.logback\logback-core\1.5.16\4f17700f046900aea2fadf115e2d67fec921f7fd\logback-core-1.5.16.jar;C:\Users\shrey\.gradle\caches\modules-2\files-2.1\org.apache.logging.log4j\log4j-api\2.24.3\b02c125db8b6d295adf72ae6e71af5d83bce2370\log4j-api-2.24.3.jar;C:\Users\shrey\.gradle\caches\modules-2\files-2.1\org.springframework.boot\spring-boot-devtools\3.4.2\726c2343705fba19b13ee2bd98997e386408260f\spring-boot-devtools-3.4.2.jar;C:\Users\shrey\.gradle\caches\modules-2\files-2.1\org.postgresql\postgresql\42.7.5\747897987b86c741fb8b56f6b81929ae1e6e4b46\postgresql-42.7.5.jar;C:\Users\shrey\.gradle\caches\modules-2\files-2.1\org.checkerframework\checker-qual\3.48.3\c48effe7d78de3cf5e8a98c614281ec6a2466a77\checker-qual-3.48.3.jar;C:\Users\shrey\.gradle\caches\modules-2\files-2.1\org.jboss.logging\jboss-logging\3.6.1.Final\886afbb445b4016a37c8960a7aef6ebd769ce7e5\jboss-logging-3.6.1.Final.jar;C:\Users\shrey\.gradle\caches\modules-2\files-2.1\org.hibernate.common\hibernate-commons-annotations\7.0.3.Final\e183c4be8bb41d12e9f19b374e00c34a0a85f439\hibernate-commons-annotations-7.0.3.Final.jar;C:\Users\shrey\.gradle\caches\modules-2\files-2.1\io.smallrye\jandex\3.2.0\f17ad860f62a08487b9edabde608f8ac55c62fa7\jandex-3.2.0.jar;C:\Users\shrey\.gradle\caches\modules-2\files-2.1\com.fasterxml\classmate\1.7.0\e98374da1f2143ac8e6e0a95036994bb19137a3\classmate-1.7.0.jar;C:\Users\shrey\.gradle\caches\modules-2\files-2.1\net.bytebuddy\byte-buddy\1.15.11\f61886478e0f9ee4c21d09574736f0ff45e0a46c\byte-buddy-1.15.11.jar;C:\Users\shrey\.gradle\caches\modules-2\files-2.1\org.glassfish.jaxb\jaxb-runtime\4.0.5\ca84c2a7169b5293e232b9d00d1e4e36d4c3914a\jaxb-runtime-4.0.5.jar;C:\Users\shrey\.gradle\caches\modules-2\files-2.1\org.glassfish.jaxb\jaxb-core\4.0.5\7b4b11ea5542eea4ad55e1080b23be436795b3\jaxb-core-4.0.5.jar;C:\Users\shrey\.gradle\caches\modules-2\files-2.1\jakarta.xml.bind\jakarta.xml.bind-api\4.0.2\6cd5a999b834b63238005b7144136379dc36cad2\jakarta.xml.bind-api-4.0.2.jar;C:\Users\shrey\.gradle\caches\modules-2\files-2.1\jakarta.inject\jakarta.inject-api\2.0.1\4c28afe1991a941d7702fe1362c365f0a8641d1e\jakarta.inject-api-2.0.1.jar;C:\Users\shrey\.gradle\caches\modules-2\files-2.1\org.eclipse.angus\angus-activation\2.0.2\41f1e0ddd157c856926ed149ab837d110955a9fc\angus-activation-2.0.2.jar;C:\Users\shrey\.gradle\caches\modules-2\files-2.1\jakarta.activation\jakarta.activation-api\2.1.3\fa165bd70cda600368eee31555222776a46b881f\jakarta.activation-api-2.1.3.jar;C:\Users\shrey\.gradle\caches\modules-2\files-2.1\org.glassfish.jaxb\txw2\4.0.5\f36a4ef12120a9bb06d766d6a0e54b144fd7ed98\txw2-4.0.5.jar;C:\Users\shrey\.gradle\caches\modules-2\files-2.1\com.sun.istack\istack-commons-runtime\4.1.2\18ec117c85f3ba0ac65409136afa8e42bc74e739\istack-commons-runtime-4.1.2.jar
Launcher Type: SUN_STANDARD

[Global flags]
     intx CICompilerCount                          = 12                                        {product} {ergonomic}
     uint ConcGCThreads                            = 3                                         {product} {ergonomic}
     uint G1ConcRefinementThreads                  = 13                                        {product} {ergonomic}
   size_t G1HeapRegionSize                         = 2097152                                   {product} {ergonomic}
   size_t InitialHeapSize                          = 257949696                                 {product} {ergonomic}
   size_t MarkStackSize                            = 4194304                                   {product} {ergonomic}
   size_t MarkStackSizeMax                         = 536870912                                 {product} {ergonomic}
   size_t MaxHeapSize                              = 4125097984                                {product} {ergonomic}
   size_t MaxNewSize                               = 2474639360                                {product} {ergonomic}
   size_t MinHeapDeltaBytes                        = 2097152                                   {product} {ergonomic}
   size_t MinHeapSize                              = 8388608                                   {product} {ergonomic}
    uintx NonNMethodCodeHeapSize                   = 7602176                                {pd product} {ergonomic}
    uintx NonProfiledCodeHeapSize                  = 122093568                              {pd product} {ergonomic}
     bool PerfDisableSharedMem                     = true                                      {product} {ergonomic}
    uintx ProfiledCodeHeapSize                     = 121962496                              {pd product} {ergonomic}
    uintx ReservedCodeCacheSize                    = 251658240                              {pd product} {ergonomic}
     bool SegmentedCodeCache                       = true                                      {product} {ergonomic}
     bool ShowCodeDetailsInExceptionMessages       = true                                   {manageable} {command line}
   size_t SoftMaxHeapSize                          = 4125097984                             {manageable} {ergonomic}
     bool UseCompressedOops                        = true                           {product lp64_product} {ergonomic}
     bool UseG1GC                                  = true                                      {product} {ergonomic}
     bool UseLargePagesIndividualAllocation        = false                                  {pd product} {ergonomic}

Logging:
Log output configuration:
 #0: stdout all=warning uptime,level,tags foldmultilines=false
 #1: stderr all=off uptime,level,tags foldmultilines=false

Environment Variables:
JAVA_HOME=C:\Program Files\Java\jdk-23
PATH=C:\Users\shrey\.p2\pool\plugins\org.eclipse.justj.openjdk.hotspot.jre.full.win32.x86_64_23.0.1.v20241024-1700\jre\bin;C:/Users/shrey/.p2/pool/plugins/org.eclipse.justj.openjdk.hotspot.jre.full.win32.x86_64_23.0.1.v20241024-1700/jre/bin/server;C:/Users/shrey/.p2/pool/plugins/org.eclipse.justj.openjdk.hotspot.jre.full.win32.x86_64_23.0.1.v20241024-1700/jre/bin;C:\Program Files\Common Files\Oracle\Java\javapath;C:\Program Files (x86)\Common Files\Oracle\Java\java8path;C:\Program Files (x86)\Common Files\Oracle\Java\javapath;C:\Windows\system32;C:\Windows;C:\Windows\System32\Wbem;C:\Windows\System32\WindowsPowerShell\v1.0\;C:\Windows\System32\OpenSSH\;C:\Program Files\Java\jdk-23\bin;C:\Users\shrey\AppData\Local\Microsoft\WindowsApps;C:\Users\shrey\AppData\Local\Programs\Microsoft VS Code\bin;C:\Windows\System32;
USERNAME=shrey
OS=Windows_NT
PROCESSOR_IDENTIFIER=AMD64 Family 23 Model 104 Stepping 1, AuthenticAMD
TMP=C:\Users\shrey\AppData\Local\Temp
TEMP=C:\Users\shrey\AppData\Local\Temp




Periodic native trim disabled

---------------  S Y S T E M  ---------------

OS:
 Windows 11 , 64 bit Build 22621 (10.0.22621.4830)
OS uptime: 3 days 2:01 hours
Hyper-V role detected

CPU: total 16 (initial active 16) (16 cores per cpu, 2 threads per core) family 23 model 104 stepping 1 microcode 0x0, cx8, cmov, fxsr, ht, mmx, 3dnowpref, sse, sse2, sse3, ssse3, sse4a, sse4.1, sse4.2, popcnt, lzcnt, tsc, tscinvbit, avx, avx2, aes, clmul, bmi1, bmi2, adx, sha, fma, vzeroupper, clflush, clflushopt, hv, rdtscp, rdpid, f16c
Processor Information for the first 16 processors :
  Max Mhz: 1801, Current Mhz: 1801, Mhz Limit: 1801

Memory: 4k page, system-wide physical 15734M (2621M free)
TotalPageFile size 24950M (AvailPageFile size 5652M)
current process WorkingSet (physical memory assigned to process): 561M, peak: 748M
current process commit charge ("private bytes"): 623M, peak: 809M

vm_info: OpenJDK 64-Bit Server VM (23.0.1+11) for windows-amd64 JRE (23.0.1+11), built on 2024-10-15T00:00:00Z with MS VC++ 17.7 (VS2022)

END.
